ARM GAS  C:\Users\l1234\AppData\Local\Temp\cc4ek1oi.s 			page 1


   1              		.cpu cortex-m3
   2              		.arch armv7-m
   3              		.fpu softvfp
   4              		.eabi_attribute 20, 1
   5              		.eabi_attribute 21, 1
   6              		.eabi_attribute 23, 3
   7              		.eabi_attribute 24, 1
   8              		.eabi_attribute 25, 1
   9              		.eabi_attribute 26, 1
  10              		.eabi_attribute 30, 1
  11              		.eabi_attribute 34, 1
  12              		.eabi_attribute 18, 4
  13              		.file	"stm32f1xx_hal_msp.c"
  14              		.text
  15              	.Ltext0:
  16              		.cfi_sections	.debug_frame
  17              		.file 1 "Core/Src/stm32f1xx_hal_msp.c"
  18              		.section	.text.HAL_MspInit,"ax",%progbits
  19              		.align	1
  20              		.global	HAL_MspInit
  21              		.syntax unified
  22              		.thumb
  23              		.thumb_func
  25              	HAL_MspInit:
  26              	.LFB65:
   1:Core/Src/stm32f1xx_hal_msp.c **** /* USER CODE BEGIN Header */
   2:Core/Src/stm32f1xx_hal_msp.c **** /**
   3:Core/Src/stm32f1xx_hal_msp.c ****   ******************************************************************************
   4:Core/Src/stm32f1xx_hal_msp.c ****   * @file         stm32f1xx_hal_msp.c
   5:Core/Src/stm32f1xx_hal_msp.c ****   * @brief        This file provides code for the MSP Initialization
   6:Core/Src/stm32f1xx_hal_msp.c ****   *               and de-Initialization codes.
   7:Core/Src/stm32f1xx_hal_msp.c ****   ******************************************************************************
   8:Core/Src/stm32f1xx_hal_msp.c ****   * @attention
   9:Core/Src/stm32f1xx_hal_msp.c ****   *
  10:Core/Src/stm32f1xx_hal_msp.c ****   * Copyright (c) 2025 STMicroelectronics.
  11:Core/Src/stm32f1xx_hal_msp.c ****   * All rights reserved.
  12:Core/Src/stm32f1xx_hal_msp.c ****   *
  13:Core/Src/stm32f1xx_hal_msp.c ****   * This software is licensed under terms that can be found in the LICENSE file
  14:Core/Src/stm32f1xx_hal_msp.c ****   * in the root directory of this software component.
  15:Core/Src/stm32f1xx_hal_msp.c ****   * If no LICENSE file comes with this software, it is provided AS-IS.
  16:Core/Src/stm32f1xx_hal_msp.c ****   *
  17:Core/Src/stm32f1xx_hal_msp.c ****   ******************************************************************************
  18:Core/Src/stm32f1xx_hal_msp.c ****   */
  19:Core/Src/stm32f1xx_hal_msp.c **** /* USER CODE END Header */
  20:Core/Src/stm32f1xx_hal_msp.c **** 
  21:Core/Src/stm32f1xx_hal_msp.c **** /* Includes ------------------------------------------------------------------*/
  22:Core/Src/stm32f1xx_hal_msp.c **** #include "main.h"
  23:Core/Src/stm32f1xx_hal_msp.c **** /* USER CODE BEGIN Includes */
  24:Core/Src/stm32f1xx_hal_msp.c **** 
  25:Core/Src/stm32f1xx_hal_msp.c **** /* USER CODE END Includes */
  26:Core/Src/stm32f1xx_hal_msp.c **** extern DMA_HandleTypeDef hdma_adc1;
  27:Core/Src/stm32f1xx_hal_msp.c **** 
  28:Core/Src/stm32f1xx_hal_msp.c **** /* Private typedef -----------------------------------------------------------*/
  29:Core/Src/stm32f1xx_hal_msp.c **** /* USER CODE BEGIN TD */
  30:Core/Src/stm32f1xx_hal_msp.c **** 
  31:Core/Src/stm32f1xx_hal_msp.c **** /* USER CODE END TD */
  32:Core/Src/stm32f1xx_hal_msp.c **** 
ARM GAS  C:\Users\l1234\AppData\Local\Temp\cc4ek1oi.s 			page 2


  33:Core/Src/stm32f1xx_hal_msp.c **** /* Private define ------------------------------------------------------------*/
  34:Core/Src/stm32f1xx_hal_msp.c **** /* USER CODE BEGIN Define */
  35:Core/Src/stm32f1xx_hal_msp.c **** 
  36:Core/Src/stm32f1xx_hal_msp.c **** /* USER CODE END Define */
  37:Core/Src/stm32f1xx_hal_msp.c **** 
  38:Core/Src/stm32f1xx_hal_msp.c **** /* Private macro -------------------------------------------------------------*/
  39:Core/Src/stm32f1xx_hal_msp.c **** /* USER CODE BEGIN Macro */
  40:Core/Src/stm32f1xx_hal_msp.c **** 
  41:Core/Src/stm32f1xx_hal_msp.c **** /* USER CODE END Macro */
  42:Core/Src/stm32f1xx_hal_msp.c **** 
  43:Core/Src/stm32f1xx_hal_msp.c **** /* Private variables ---------------------------------------------------------*/
  44:Core/Src/stm32f1xx_hal_msp.c **** /* USER CODE BEGIN PV */
  45:Core/Src/stm32f1xx_hal_msp.c **** 
  46:Core/Src/stm32f1xx_hal_msp.c **** /* USER CODE END PV */
  47:Core/Src/stm32f1xx_hal_msp.c **** 
  48:Core/Src/stm32f1xx_hal_msp.c **** /* Private function prototypes -----------------------------------------------*/
  49:Core/Src/stm32f1xx_hal_msp.c **** /* USER CODE BEGIN PFP */
  50:Core/Src/stm32f1xx_hal_msp.c **** 
  51:Core/Src/stm32f1xx_hal_msp.c **** /* USER CODE END PFP */
  52:Core/Src/stm32f1xx_hal_msp.c **** 
  53:Core/Src/stm32f1xx_hal_msp.c **** /* External functions --------------------------------------------------------*/
  54:Core/Src/stm32f1xx_hal_msp.c **** /* USER CODE BEGIN ExternalFunctions */
  55:Core/Src/stm32f1xx_hal_msp.c **** 
  56:Core/Src/stm32f1xx_hal_msp.c **** /* USER CODE END ExternalFunctions */
  57:Core/Src/stm32f1xx_hal_msp.c **** 
  58:Core/Src/stm32f1xx_hal_msp.c **** /* USER CODE BEGIN 0 */
  59:Core/Src/stm32f1xx_hal_msp.c **** 
  60:Core/Src/stm32f1xx_hal_msp.c **** /* USER CODE END 0 */
  61:Core/Src/stm32f1xx_hal_msp.c **** /**
  62:Core/Src/stm32f1xx_hal_msp.c ****   * Initializes the Global MSP.
  63:Core/Src/stm32f1xx_hal_msp.c ****   */
  64:Core/Src/stm32f1xx_hal_msp.c **** void HAL_MspInit(void)
  65:Core/Src/stm32f1xx_hal_msp.c **** {
  27              		.loc 1 65 1 view -0
  28              		.cfi_startproc
  29              		@ args = 0, pretend = 0, frame = 8
  30              		@ frame_needed = 0, uses_anonymous_args = 0
  31              		@ link register save eliminated.
  32 0000 82B0     		sub	sp, sp, #8
  33              	.LCFI0:
  34              		.cfi_def_cfa_offset 8
  66:Core/Src/stm32f1xx_hal_msp.c **** 
  67:Core/Src/stm32f1xx_hal_msp.c ****   /* USER CODE BEGIN MspInit 0 */
  68:Core/Src/stm32f1xx_hal_msp.c **** 
  69:Core/Src/stm32f1xx_hal_msp.c ****   /* USER CODE END MspInit 0 */
  70:Core/Src/stm32f1xx_hal_msp.c **** 
  71:Core/Src/stm32f1xx_hal_msp.c ****   __HAL_RCC_AFIO_CLK_ENABLE();
  35              		.loc 1 71 3 view .LVU1
  36              	.LBB2:
  37              		.loc 1 71 3 view .LVU2
  38              		.loc 1 71 3 view .LVU3
  39 0002 0E4B     		ldr	r3, .L3
  40 0004 9A69     		ldr	r2, [r3, #24]
  41 0006 42F00102 		orr	r2, r2, #1
  42 000a 9A61     		str	r2, [r3, #24]
  43              		.loc 1 71 3 view .LVU4
  44 000c 9A69     		ldr	r2, [r3, #24]
ARM GAS  C:\Users\l1234\AppData\Local\Temp\cc4ek1oi.s 			page 3


  45 000e 02F00102 		and	r2, r2, #1
  46 0012 0092     		str	r2, [sp]
  47              		.loc 1 71 3 view .LVU5
  48 0014 009A     		ldr	r2, [sp]
  49              	.LBE2:
  50              		.loc 1 71 3 view .LVU6
  72:Core/Src/stm32f1xx_hal_msp.c ****   __HAL_RCC_PWR_CLK_ENABLE();
  51              		.loc 1 72 3 view .LVU7
  52              	.LBB3:
  53              		.loc 1 72 3 view .LVU8
  54              		.loc 1 72 3 view .LVU9
  55 0016 DA69     		ldr	r2, [r3, #28]
  56 0018 42F08052 		orr	r2, r2, #268435456
  57 001c DA61     		str	r2, [r3, #28]
  58              		.loc 1 72 3 view .LVU10
  59 001e DB69     		ldr	r3, [r3, #28]
  60 0020 03F08053 		and	r3, r3, #268435456
  61 0024 0193     		str	r3, [sp, #4]
  62              		.loc 1 72 3 view .LVU11
  63 0026 019B     		ldr	r3, [sp, #4]
  64              	.LBE3:
  65              		.loc 1 72 3 view .LVU12
  73:Core/Src/stm32f1xx_hal_msp.c **** 
  74:Core/Src/stm32f1xx_hal_msp.c ****   /* System interrupt init*/
  75:Core/Src/stm32f1xx_hal_msp.c **** 
  76:Core/Src/stm32f1xx_hal_msp.c ****   /** NOJTAG: JTAG-DP Disabled and SW-DP Enabled
  77:Core/Src/stm32f1xx_hal_msp.c ****   */
  78:Core/Src/stm32f1xx_hal_msp.c ****   __HAL_AFIO_REMAP_SWJ_NOJTAG();
  66              		.loc 1 78 3 view .LVU13
  67              	.LBB4:
  68              		.loc 1 78 3 view .LVU14
  69 0028 054A     		ldr	r2, .L3+4
  70 002a 5368     		ldr	r3, [r2, #4]
  71              	.LVL0:
  72              		.loc 1 78 3 view .LVU15
  73 002c 23F0E063 		bic	r3, r3, #117440512
  74              	.LVL1:
  75              		.loc 1 78 3 view .LVU16
  76 0030 43F00073 		orr	r3, r3, #33554432
  77              	.LVL2:
  78              		.loc 1 78 3 view .LVU17
  79 0034 5360     		str	r3, [r2, #4]
  80              	.LBE4:
  81              		.loc 1 78 3 view .LVU18
  79:Core/Src/stm32f1xx_hal_msp.c **** 
  80:Core/Src/stm32f1xx_hal_msp.c ****   /* USER CODE BEGIN MspInit 1 */
  81:Core/Src/stm32f1xx_hal_msp.c **** 
  82:Core/Src/stm32f1xx_hal_msp.c ****   /* USER CODE END MspInit 1 */
  83:Core/Src/stm32f1xx_hal_msp.c **** }
  82              		.loc 1 83 1 is_stmt 0 view .LVU19
  83 0036 02B0     		add	sp, sp, #8
  84              	.LCFI1:
  85              		.cfi_def_cfa_offset 0
  86              		@ sp needed
  87 0038 7047     		bx	lr
  88              	.L4:
  89 003a 00BF     		.align	2
ARM GAS  C:\Users\l1234\AppData\Local\Temp\cc4ek1oi.s 			page 4


  90              	.L3:
  91 003c 00100240 		.word	1073876992
  92 0040 00000140 		.word	1073807360
  93              		.cfi_endproc
  94              	.LFE65:
  96              		.section	.text.HAL_ADC_MspInit,"ax",%progbits
  97              		.align	1
  98              		.global	HAL_ADC_MspInit
  99              		.syntax unified
 100              		.thumb
 101              		.thumb_func
 103              	HAL_ADC_MspInit:
 104              	.LVL3:
 105              	.LFB66:
  84:Core/Src/stm32f1xx_hal_msp.c **** 
  85:Core/Src/stm32f1xx_hal_msp.c **** /**
  86:Core/Src/stm32f1xx_hal_msp.c **** * @brief ADC MSP Initialization
  87:Core/Src/stm32f1xx_hal_msp.c **** * This function configures the hardware resources used in this example
  88:Core/Src/stm32f1xx_hal_msp.c **** * @param hadc: ADC handle pointer
  89:Core/Src/stm32f1xx_hal_msp.c **** * @retval None
  90:Core/Src/stm32f1xx_hal_msp.c **** */
  91:Core/Src/stm32f1xx_hal_msp.c **** void HAL_ADC_MspInit(ADC_HandleTypeDef* hadc)
  92:Core/Src/stm32f1xx_hal_msp.c **** {
 106              		.loc 1 92 1 is_stmt 1 view -0
 107              		.cfi_startproc
 108              		@ args = 0, pretend = 0, frame = 24
 109              		@ frame_needed = 0, uses_anonymous_args = 0
 110              		.loc 1 92 1 is_stmt 0 view .LVU21
 111 0000 10B5     		push	{r4, lr}
 112              	.LCFI2:
 113              		.cfi_def_cfa_offset 8
 114              		.cfi_offset 4, -8
 115              		.cfi_offset 14, -4
 116 0002 86B0     		sub	sp, sp, #24
 117              	.LCFI3:
 118              		.cfi_def_cfa_offset 32
  93:Core/Src/stm32f1xx_hal_msp.c ****   GPIO_InitTypeDef GPIO_InitStruct = {0};
 119              		.loc 1 93 3 is_stmt 1 view .LVU22
 120              		.loc 1 93 20 is_stmt 0 view .LVU23
 121 0004 0023     		movs	r3, #0
 122 0006 0293     		str	r3, [sp, #8]
 123 0008 0393     		str	r3, [sp, #12]
 124 000a 0493     		str	r3, [sp, #16]
 125 000c 0593     		str	r3, [sp, #20]
  94:Core/Src/stm32f1xx_hal_msp.c ****   if(hadc->Instance==ADC1)
 126              		.loc 1 94 3 is_stmt 1 view .LVU24
 127              		.loc 1 94 10 is_stmt 0 view .LVU25
 128 000e 0268     		ldr	r2, [r0]
 129              		.loc 1 94 5 view .LVU26
 130 0010 224B     		ldr	r3, .L11
 131 0012 9A42     		cmp	r2, r3
 132 0014 01D0     		beq	.L9
 133              	.LVL4:
 134              	.L5:
  95:Core/Src/stm32f1xx_hal_msp.c ****   {
  96:Core/Src/stm32f1xx_hal_msp.c ****   /* USER CODE BEGIN ADC1_MspInit 0 */
  97:Core/Src/stm32f1xx_hal_msp.c **** 
ARM GAS  C:\Users\l1234\AppData\Local\Temp\cc4ek1oi.s 			page 5


  98:Core/Src/stm32f1xx_hal_msp.c ****   /* USER CODE END ADC1_MspInit 0 */
  99:Core/Src/stm32f1xx_hal_msp.c ****     /* Peripheral clock enable */
 100:Core/Src/stm32f1xx_hal_msp.c ****     __HAL_RCC_ADC1_CLK_ENABLE();
 101:Core/Src/stm32f1xx_hal_msp.c **** 
 102:Core/Src/stm32f1xx_hal_msp.c ****     __HAL_RCC_GPIOA_CLK_ENABLE();
 103:Core/Src/stm32f1xx_hal_msp.c ****     /**ADC1 GPIO Configuration
 104:Core/Src/stm32f1xx_hal_msp.c ****     PA0-WKUP     ------> ADC1_IN0
 105:Core/Src/stm32f1xx_hal_msp.c ****     PA1     ------> ADC1_IN1
 106:Core/Src/stm32f1xx_hal_msp.c ****     PA2     ------> ADC1_IN2
 107:Core/Src/stm32f1xx_hal_msp.c ****     PA3     ------> ADC1_IN3
 108:Core/Src/stm32f1xx_hal_msp.c ****     */
 109:Core/Src/stm32f1xx_hal_msp.c ****     GPIO_InitStruct.Pin = GPIO_PIN_0|GPIO_PIN_1|GPIO_PIN_2|GPIO_PIN_3;
 110:Core/Src/stm32f1xx_hal_msp.c ****     GPIO_InitStruct.Mode = GPIO_MODE_ANALOG;
 111:Core/Src/stm32f1xx_hal_msp.c ****     HAL_GPIO_Init(GPIOA, &GPIO_InitStruct);
 112:Core/Src/stm32f1xx_hal_msp.c **** 
 113:Core/Src/stm32f1xx_hal_msp.c ****     /* ADC1 DMA Init */
 114:Core/Src/stm32f1xx_hal_msp.c ****     /* ADC1 Init */
 115:Core/Src/stm32f1xx_hal_msp.c ****     hdma_adc1.Instance = DMA1_Channel1;
 116:Core/Src/stm32f1xx_hal_msp.c ****     hdma_adc1.Init.Direction = DMA_PERIPH_TO_MEMORY;
 117:Core/Src/stm32f1xx_hal_msp.c ****     hdma_adc1.Init.PeriphInc = DMA_PINC_DISABLE;
 118:Core/Src/stm32f1xx_hal_msp.c ****     hdma_adc1.Init.MemInc = DMA_MINC_ENABLE;
 119:Core/Src/stm32f1xx_hal_msp.c ****     hdma_adc1.Init.PeriphDataAlignment = DMA_PDATAALIGN_HALFWORD;
 120:Core/Src/stm32f1xx_hal_msp.c ****     hdma_adc1.Init.MemDataAlignment = DMA_MDATAALIGN_HALFWORD;
 121:Core/Src/stm32f1xx_hal_msp.c ****     hdma_adc1.Init.Mode = DMA_CIRCULAR;
 122:Core/Src/stm32f1xx_hal_msp.c ****     hdma_adc1.Init.Priority = DMA_PRIORITY_LOW;
 123:Core/Src/stm32f1xx_hal_msp.c ****     if (HAL_DMA_Init(&hdma_adc1) != HAL_OK)
 124:Core/Src/stm32f1xx_hal_msp.c ****     {
 125:Core/Src/stm32f1xx_hal_msp.c ****       Error_Handler();
 126:Core/Src/stm32f1xx_hal_msp.c ****     }
 127:Core/Src/stm32f1xx_hal_msp.c **** 
 128:Core/Src/stm32f1xx_hal_msp.c ****     __HAL_LINKDMA(hadc,DMA_Handle,hdma_adc1);
 129:Core/Src/stm32f1xx_hal_msp.c **** 
 130:Core/Src/stm32f1xx_hal_msp.c ****     /* ADC1 interrupt Init */
 131:Core/Src/stm32f1xx_hal_msp.c ****     HAL_NVIC_SetPriority(ADC1_2_IRQn, 2, 0);
 132:Core/Src/stm32f1xx_hal_msp.c ****     HAL_NVIC_EnableIRQ(ADC1_2_IRQn);
 133:Core/Src/stm32f1xx_hal_msp.c ****   /* USER CODE BEGIN ADC1_MspInit 1 */
 134:Core/Src/stm32f1xx_hal_msp.c **** 
 135:Core/Src/stm32f1xx_hal_msp.c ****   /* USER CODE END ADC1_MspInit 1 */
 136:Core/Src/stm32f1xx_hal_msp.c **** 
 137:Core/Src/stm32f1xx_hal_msp.c ****   }
 138:Core/Src/stm32f1xx_hal_msp.c **** 
 139:Core/Src/stm32f1xx_hal_msp.c **** }
 135              		.loc 1 139 1 view .LVU27
 136 0016 06B0     		add	sp, sp, #24
 137              	.LCFI4:
 138              		.cfi_remember_state
 139              		.cfi_def_cfa_offset 8
 140              		@ sp needed
 141 0018 10BD     		pop	{r4, pc}
 142              	.LVL5:
 143              	.L9:
 144              	.LCFI5:
 145              		.cfi_restore_state
 146              		.loc 1 139 1 view .LVU28
 147 001a 0446     		mov	r4, r0
 100:Core/Src/stm32f1xx_hal_msp.c **** 
 148              		.loc 1 100 5 is_stmt 1 view .LVU29
ARM GAS  C:\Users\l1234\AppData\Local\Temp\cc4ek1oi.s 			page 6


 149              	.LBB5:
 100:Core/Src/stm32f1xx_hal_msp.c **** 
 150              		.loc 1 100 5 view .LVU30
 100:Core/Src/stm32f1xx_hal_msp.c **** 
 151              		.loc 1 100 5 view .LVU31
 152 001c 03F56C43 		add	r3, r3, #60416
 153 0020 9A69     		ldr	r2, [r3, #24]
 154 0022 42F40072 		orr	r2, r2, #512
 155 0026 9A61     		str	r2, [r3, #24]
 100:Core/Src/stm32f1xx_hal_msp.c **** 
 156              		.loc 1 100 5 view .LVU32
 157 0028 9A69     		ldr	r2, [r3, #24]
 158 002a 02F40072 		and	r2, r2, #512
 159 002e 0092     		str	r2, [sp]
 100:Core/Src/stm32f1xx_hal_msp.c **** 
 160              		.loc 1 100 5 view .LVU33
 161 0030 009A     		ldr	r2, [sp]
 162              	.LBE5:
 100:Core/Src/stm32f1xx_hal_msp.c **** 
 163              		.loc 1 100 5 view .LVU34
 102:Core/Src/stm32f1xx_hal_msp.c ****     /**ADC1 GPIO Configuration
 164              		.loc 1 102 5 view .LVU35
 165              	.LBB6:
 102:Core/Src/stm32f1xx_hal_msp.c ****     /**ADC1 GPIO Configuration
 166              		.loc 1 102 5 view .LVU36
 102:Core/Src/stm32f1xx_hal_msp.c ****     /**ADC1 GPIO Configuration
 167              		.loc 1 102 5 view .LVU37
 168 0032 9A69     		ldr	r2, [r3, #24]
 169 0034 42F00402 		orr	r2, r2, #4
 170 0038 9A61     		str	r2, [r3, #24]
 102:Core/Src/stm32f1xx_hal_msp.c ****     /**ADC1 GPIO Configuration
 171              		.loc 1 102 5 view .LVU38
 172 003a 9B69     		ldr	r3, [r3, #24]
 173 003c 03F00403 		and	r3, r3, #4
 174 0040 0193     		str	r3, [sp, #4]
 102:Core/Src/stm32f1xx_hal_msp.c ****     /**ADC1 GPIO Configuration
 175              		.loc 1 102 5 view .LVU39
 176 0042 019B     		ldr	r3, [sp, #4]
 177              	.LBE6:
 102:Core/Src/stm32f1xx_hal_msp.c ****     /**ADC1 GPIO Configuration
 178              		.loc 1 102 5 view .LVU40
 109:Core/Src/stm32f1xx_hal_msp.c ****     GPIO_InitStruct.Mode = GPIO_MODE_ANALOG;
 179              		.loc 1 109 5 view .LVU41
 109:Core/Src/stm32f1xx_hal_msp.c ****     GPIO_InitStruct.Mode = GPIO_MODE_ANALOG;
 180              		.loc 1 109 25 is_stmt 0 view .LVU42
 181 0044 0F23     		movs	r3, #15
 182 0046 0293     		str	r3, [sp, #8]
 110:Core/Src/stm32f1xx_hal_msp.c ****     HAL_GPIO_Init(GPIOA, &GPIO_InitStruct);
 183              		.loc 1 110 5 is_stmt 1 view .LVU43
 110:Core/Src/stm32f1xx_hal_msp.c ****     HAL_GPIO_Init(GPIOA, &GPIO_InitStruct);
 184              		.loc 1 110 26 is_stmt 0 view .LVU44
 185 0048 0323     		movs	r3, #3
 186 004a 0393     		str	r3, [sp, #12]
 111:Core/Src/stm32f1xx_hal_msp.c **** 
 187              		.loc 1 111 5 is_stmt 1 view .LVU45
 188 004c 02A9     		add	r1, sp, #8
 189 004e 1448     		ldr	r0, .L11+4
ARM GAS  C:\Users\l1234\AppData\Local\Temp\cc4ek1oi.s 			page 7


 190              	.LVL6:
 111:Core/Src/stm32f1xx_hal_msp.c **** 
 191              		.loc 1 111 5 is_stmt 0 view .LVU46
 192 0050 FFF7FEFF 		bl	HAL_GPIO_Init
 193              	.LVL7:
 115:Core/Src/stm32f1xx_hal_msp.c ****     hdma_adc1.Init.Direction = DMA_PERIPH_TO_MEMORY;
 194              		.loc 1 115 5 is_stmt 1 view .LVU47
 115:Core/Src/stm32f1xx_hal_msp.c ****     hdma_adc1.Init.Direction = DMA_PERIPH_TO_MEMORY;
 195              		.loc 1 115 24 is_stmt 0 view .LVU48
 196 0054 1348     		ldr	r0, .L11+8
 197 0056 144B     		ldr	r3, .L11+12
 198 0058 0360     		str	r3, [r0]
 116:Core/Src/stm32f1xx_hal_msp.c ****     hdma_adc1.Init.PeriphInc = DMA_PINC_DISABLE;
 199              		.loc 1 116 5 is_stmt 1 view .LVU49
 116:Core/Src/stm32f1xx_hal_msp.c ****     hdma_adc1.Init.PeriphInc = DMA_PINC_DISABLE;
 200              		.loc 1 116 30 is_stmt 0 view .LVU50
 201 005a 0023     		movs	r3, #0
 202 005c 4360     		str	r3, [r0, #4]
 117:Core/Src/stm32f1xx_hal_msp.c ****     hdma_adc1.Init.MemInc = DMA_MINC_ENABLE;
 203              		.loc 1 117 5 is_stmt 1 view .LVU51
 117:Core/Src/stm32f1xx_hal_msp.c ****     hdma_adc1.Init.MemInc = DMA_MINC_ENABLE;
 204              		.loc 1 117 30 is_stmt 0 view .LVU52
 205 005e 8360     		str	r3, [r0, #8]
 118:Core/Src/stm32f1xx_hal_msp.c ****     hdma_adc1.Init.PeriphDataAlignment = DMA_PDATAALIGN_HALFWORD;
 206              		.loc 1 118 5 is_stmt 1 view .LVU53
 118:Core/Src/stm32f1xx_hal_msp.c ****     hdma_adc1.Init.PeriphDataAlignment = DMA_PDATAALIGN_HALFWORD;
 207              		.loc 1 118 27 is_stmt 0 view .LVU54
 208 0060 8022     		movs	r2, #128
 209 0062 C260     		str	r2, [r0, #12]
 119:Core/Src/stm32f1xx_hal_msp.c ****     hdma_adc1.Init.MemDataAlignment = DMA_MDATAALIGN_HALFWORD;
 210              		.loc 1 119 5 is_stmt 1 view .LVU55
 119:Core/Src/stm32f1xx_hal_msp.c ****     hdma_adc1.Init.MemDataAlignment = DMA_MDATAALIGN_HALFWORD;
 211              		.loc 1 119 40 is_stmt 0 view .LVU56
 212 0064 4FF48072 		mov	r2, #256
 213 0068 0261     		str	r2, [r0, #16]
 120:Core/Src/stm32f1xx_hal_msp.c ****     hdma_adc1.Init.Mode = DMA_CIRCULAR;
 214              		.loc 1 120 5 is_stmt 1 view .LVU57
 120:Core/Src/stm32f1xx_hal_msp.c ****     hdma_adc1.Init.Mode = DMA_CIRCULAR;
 215              		.loc 1 120 37 is_stmt 0 view .LVU58
 216 006a 4FF48062 		mov	r2, #1024
 217 006e 4261     		str	r2, [r0, #20]
 121:Core/Src/stm32f1xx_hal_msp.c ****     hdma_adc1.Init.Priority = DMA_PRIORITY_LOW;
 218              		.loc 1 121 5 is_stmt 1 view .LVU59
 121:Core/Src/stm32f1xx_hal_msp.c ****     hdma_adc1.Init.Priority = DMA_PRIORITY_LOW;
 219              		.loc 1 121 25 is_stmt 0 view .LVU60
 220 0070 2022     		movs	r2, #32
 221 0072 8261     		str	r2, [r0, #24]
 122:Core/Src/stm32f1xx_hal_msp.c ****     if (HAL_DMA_Init(&hdma_adc1) != HAL_OK)
 222              		.loc 1 122 5 is_stmt 1 view .LVU61
 122:Core/Src/stm32f1xx_hal_msp.c ****     if (HAL_DMA_Init(&hdma_adc1) != HAL_OK)
 223              		.loc 1 122 29 is_stmt 0 view .LVU62
 224 0074 C361     		str	r3, [r0, #28]
 123:Core/Src/stm32f1xx_hal_msp.c ****     {
 225              		.loc 1 123 5 is_stmt 1 view .LVU63
 123:Core/Src/stm32f1xx_hal_msp.c ****     {
 226              		.loc 1 123 9 is_stmt 0 view .LVU64
 227 0076 FFF7FEFF 		bl	HAL_DMA_Init
ARM GAS  C:\Users\l1234\AppData\Local\Temp\cc4ek1oi.s 			page 8


 228              	.LVL8:
 123:Core/Src/stm32f1xx_hal_msp.c ****     {
 229              		.loc 1 123 8 view .LVU65
 230 007a 58B9     		cbnz	r0, .L10
 231              	.L7:
 128:Core/Src/stm32f1xx_hal_msp.c **** 
 232              		.loc 1 128 5 is_stmt 1 view .LVU66
 128:Core/Src/stm32f1xx_hal_msp.c **** 
 233              		.loc 1 128 5 view .LVU67
 234 007c 094B     		ldr	r3, .L11+8
 235 007e 2362     		str	r3, [r4, #32]
 128:Core/Src/stm32f1xx_hal_msp.c **** 
 236              		.loc 1 128 5 view .LVU68
 237 0080 5C62     		str	r4, [r3, #36]
 128:Core/Src/stm32f1xx_hal_msp.c **** 
 238              		.loc 1 128 5 view .LVU69
 131:Core/Src/stm32f1xx_hal_msp.c ****     HAL_NVIC_EnableIRQ(ADC1_2_IRQn);
 239              		.loc 1 131 5 view .LVU70
 240 0082 0022     		movs	r2, #0
 241 0084 0221     		movs	r1, #2
 242 0086 1220     		movs	r0, #18
 243 0088 FFF7FEFF 		bl	HAL_NVIC_SetPriority
 244              	.LVL9:
 132:Core/Src/stm32f1xx_hal_msp.c ****   /* USER CODE BEGIN ADC1_MspInit 1 */
 245              		.loc 1 132 5 view .LVU71
 246 008c 1220     		movs	r0, #18
 247 008e FFF7FEFF 		bl	HAL_NVIC_EnableIRQ
 248              	.LVL10:
 249              		.loc 1 139 1 is_stmt 0 view .LVU72
 250 0092 C0E7     		b	.L5
 251              	.L10:
 125:Core/Src/stm32f1xx_hal_msp.c ****     }
 252              		.loc 1 125 7 is_stmt 1 view .LVU73
 253 0094 FFF7FEFF 		bl	Error_Handler
 254              	.LVL11:
 255 0098 F0E7     		b	.L7
 256              	.L12:
 257 009a 00BF     		.align	2
 258              	.L11:
 259 009c 00240140 		.word	1073816576
 260 00a0 00080140 		.word	1073809408
 261 00a4 00000000 		.word	hdma_adc1
 262 00a8 08000240 		.word	1073872904
 263              		.cfi_endproc
 264              	.LFE66:
 266              		.section	.text.HAL_ADC_MspDeInit,"ax",%progbits
 267              		.align	1
 268              		.global	HAL_ADC_MspDeInit
 269              		.syntax unified
 270              		.thumb
 271              		.thumb_func
 273              	HAL_ADC_MspDeInit:
 274              	.LVL12:
 275              	.LFB67:
 140:Core/Src/stm32f1xx_hal_msp.c **** 
 141:Core/Src/stm32f1xx_hal_msp.c **** /**
 142:Core/Src/stm32f1xx_hal_msp.c **** * @brief ADC MSP De-Initialization
ARM GAS  C:\Users\l1234\AppData\Local\Temp\cc4ek1oi.s 			page 9


 143:Core/Src/stm32f1xx_hal_msp.c **** * This function freeze the hardware resources used in this example
 144:Core/Src/stm32f1xx_hal_msp.c **** * @param hadc: ADC handle pointer
 145:Core/Src/stm32f1xx_hal_msp.c **** * @retval None
 146:Core/Src/stm32f1xx_hal_msp.c **** */
 147:Core/Src/stm32f1xx_hal_msp.c **** void HAL_ADC_MspDeInit(ADC_HandleTypeDef* hadc)
 148:Core/Src/stm32f1xx_hal_msp.c **** {
 276              		.loc 1 148 1 view -0
 277              		.cfi_startproc
 278              		@ args = 0, pretend = 0, frame = 0
 279              		@ frame_needed = 0, uses_anonymous_args = 0
 149:Core/Src/stm32f1xx_hal_msp.c ****   if(hadc->Instance==ADC1)
 280              		.loc 1 149 3 view .LVU75
 281              		.loc 1 149 10 is_stmt 0 view .LVU76
 282 0000 0268     		ldr	r2, [r0]
 283              		.loc 1 149 5 view .LVU77
 284 0002 0B4B     		ldr	r3, .L20
 285 0004 9A42     		cmp	r2, r3
 286 0006 00D0     		beq	.L19
 287 0008 7047     		bx	lr
 288              	.L19:
 148:Core/Src/stm32f1xx_hal_msp.c ****   if(hadc->Instance==ADC1)
 289              		.loc 1 148 1 view .LVU78
 290 000a 10B5     		push	{r4, lr}
 291              	.LCFI6:
 292              		.cfi_def_cfa_offset 8
 293              		.cfi_offset 4, -8
 294              		.cfi_offset 14, -4
 295 000c 0446     		mov	r4, r0
 150:Core/Src/stm32f1xx_hal_msp.c ****   {
 151:Core/Src/stm32f1xx_hal_msp.c ****   /* USER CODE BEGIN ADC1_MspDeInit 0 */
 152:Core/Src/stm32f1xx_hal_msp.c **** 
 153:Core/Src/stm32f1xx_hal_msp.c ****   /* USER CODE END ADC1_MspDeInit 0 */
 154:Core/Src/stm32f1xx_hal_msp.c ****     /* Peripheral clock disable */
 155:Core/Src/stm32f1xx_hal_msp.c ****     __HAL_RCC_ADC1_CLK_DISABLE();
 296              		.loc 1 155 5 is_stmt 1 view .LVU79
 297 000e 094A     		ldr	r2, .L20+4
 298 0010 9369     		ldr	r3, [r2, #24]
 299 0012 23F40073 		bic	r3, r3, #512
 300 0016 9361     		str	r3, [r2, #24]
 156:Core/Src/stm32f1xx_hal_msp.c **** 
 157:Core/Src/stm32f1xx_hal_msp.c ****     /**ADC1 GPIO Configuration
 158:Core/Src/stm32f1xx_hal_msp.c ****     PA0-WKUP     ------> ADC1_IN0
 159:Core/Src/stm32f1xx_hal_msp.c ****     PA1     ------> ADC1_IN1
 160:Core/Src/stm32f1xx_hal_msp.c ****     PA2     ------> ADC1_IN2
 161:Core/Src/stm32f1xx_hal_msp.c ****     PA3     ------> ADC1_IN3
 162:Core/Src/stm32f1xx_hal_msp.c ****     */
 163:Core/Src/stm32f1xx_hal_msp.c ****     HAL_GPIO_DeInit(GPIOA, GPIO_PIN_0|GPIO_PIN_1|GPIO_PIN_2|GPIO_PIN_3);
 301              		.loc 1 163 5 view .LVU80
 302 0018 0F21     		movs	r1, #15
 303 001a 0748     		ldr	r0, .L20+8
 304              	.LVL13:
 305              		.loc 1 163 5 is_stmt 0 view .LVU81
 306 001c FFF7FEFF 		bl	HAL_GPIO_DeInit
 307              	.LVL14:
 164:Core/Src/stm32f1xx_hal_msp.c **** 
 165:Core/Src/stm32f1xx_hal_msp.c ****     /* ADC1 DMA DeInit */
 166:Core/Src/stm32f1xx_hal_msp.c ****     HAL_DMA_DeInit(hadc->DMA_Handle);
ARM GAS  C:\Users\l1234\AppData\Local\Temp\cc4ek1oi.s 			page 10


 308              		.loc 1 166 5 is_stmt 1 view .LVU82
 309 0020 206A     		ldr	r0, [r4, #32]
 310 0022 FFF7FEFF 		bl	HAL_DMA_DeInit
 311              	.LVL15:
 167:Core/Src/stm32f1xx_hal_msp.c **** 
 168:Core/Src/stm32f1xx_hal_msp.c ****     /* ADC1 interrupt DeInit */
 169:Core/Src/stm32f1xx_hal_msp.c ****     HAL_NVIC_DisableIRQ(ADC1_2_IRQn);
 312              		.loc 1 169 5 view .LVU83
 313 0026 1220     		movs	r0, #18
 314 0028 FFF7FEFF 		bl	HAL_NVIC_DisableIRQ
 315              	.LVL16:
 170:Core/Src/stm32f1xx_hal_msp.c ****   /* USER CODE BEGIN ADC1_MspDeInit 1 */
 171:Core/Src/stm32f1xx_hal_msp.c **** 
 172:Core/Src/stm32f1xx_hal_msp.c ****   /* USER CODE END ADC1_MspDeInit 1 */
 173:Core/Src/stm32f1xx_hal_msp.c ****   }
 174:Core/Src/stm32f1xx_hal_msp.c **** 
 175:Core/Src/stm32f1xx_hal_msp.c **** }
 316              		.loc 1 175 1 is_stmt 0 view .LVU84
 317 002c 10BD     		pop	{r4, pc}
 318              	.LVL17:
 319              	.L21:
 320              		.loc 1 175 1 view .LVU85
 321 002e 00BF     		.align	2
 322              	.L20:
 323 0030 00240140 		.word	1073816576
 324 0034 00100240 		.word	1073876992
 325 0038 00080140 		.word	1073809408
 326              		.cfi_endproc
 327              	.LFE67:
 329              		.section	.text.HAL_I2C_MspInit,"ax",%progbits
 330              		.align	1
 331              		.global	HAL_I2C_MspInit
 332              		.syntax unified
 333              		.thumb
 334              		.thumb_func
 336              	HAL_I2C_MspInit:
 337              	.LVL18:
 338              	.LFB68:
 176:Core/Src/stm32f1xx_hal_msp.c **** 
 177:Core/Src/stm32f1xx_hal_msp.c **** /**
 178:Core/Src/stm32f1xx_hal_msp.c **** * @brief I2C MSP Initialization
 179:Core/Src/stm32f1xx_hal_msp.c **** * This function configures the hardware resources used in this example
 180:Core/Src/stm32f1xx_hal_msp.c **** * @param hi2c: I2C handle pointer
 181:Core/Src/stm32f1xx_hal_msp.c **** * @retval None
 182:Core/Src/stm32f1xx_hal_msp.c **** */
 183:Core/Src/stm32f1xx_hal_msp.c **** void HAL_I2C_MspInit(I2C_HandleTypeDef* hi2c)
 184:Core/Src/stm32f1xx_hal_msp.c **** {
 339              		.loc 1 184 1 is_stmt 1 view -0
 340              		.cfi_startproc
 341              		@ args = 0, pretend = 0, frame = 24
 342              		@ frame_needed = 0, uses_anonymous_args = 0
 343              		.loc 1 184 1 is_stmt 0 view .LVU87
 344 0000 10B5     		push	{r4, lr}
 345              	.LCFI7:
 346              		.cfi_def_cfa_offset 8
 347              		.cfi_offset 4, -8
 348              		.cfi_offset 14, -4
ARM GAS  C:\Users\l1234\AppData\Local\Temp\cc4ek1oi.s 			page 11


 349 0002 86B0     		sub	sp, sp, #24
 350              	.LCFI8:
 351              		.cfi_def_cfa_offset 32
 185:Core/Src/stm32f1xx_hal_msp.c ****   GPIO_InitTypeDef GPIO_InitStruct = {0};
 352              		.loc 1 185 3 is_stmt 1 view .LVU88
 353              		.loc 1 185 20 is_stmt 0 view .LVU89
 354 0004 0023     		movs	r3, #0
 355 0006 0293     		str	r3, [sp, #8]
 356 0008 0393     		str	r3, [sp, #12]
 357 000a 0493     		str	r3, [sp, #16]
 358 000c 0593     		str	r3, [sp, #20]
 186:Core/Src/stm32f1xx_hal_msp.c ****   if(hi2c->Instance==I2C1)
 359              		.loc 1 186 3 is_stmt 1 view .LVU90
 360              		.loc 1 186 10 is_stmt 0 view .LVU91
 361 000e 0268     		ldr	r2, [r0]
 362              		.loc 1 186 5 view .LVU92
 363 0010 114B     		ldr	r3, .L26
 364 0012 9A42     		cmp	r2, r3
 365 0014 01D0     		beq	.L25
 366              	.LVL19:
 367              	.L22:
 187:Core/Src/stm32f1xx_hal_msp.c ****   {
 188:Core/Src/stm32f1xx_hal_msp.c ****   /* USER CODE BEGIN I2C1_MspInit 0 */
 189:Core/Src/stm32f1xx_hal_msp.c **** 
 190:Core/Src/stm32f1xx_hal_msp.c ****   /* USER CODE END I2C1_MspInit 0 */
 191:Core/Src/stm32f1xx_hal_msp.c **** 
 192:Core/Src/stm32f1xx_hal_msp.c ****     __HAL_RCC_GPIOB_CLK_ENABLE();
 193:Core/Src/stm32f1xx_hal_msp.c ****     /**I2C1 GPIO Configuration
 194:Core/Src/stm32f1xx_hal_msp.c ****     PB6     ------> I2C1_SCL
 195:Core/Src/stm32f1xx_hal_msp.c ****     PB7     ------> I2C1_SDA
 196:Core/Src/stm32f1xx_hal_msp.c ****     */
 197:Core/Src/stm32f1xx_hal_msp.c ****     GPIO_InitStruct.Pin = GPIO_PIN_6|GPIO_PIN_7;
 198:Core/Src/stm32f1xx_hal_msp.c ****     GPIO_InitStruct.Mode = GPIO_MODE_AF_OD;
 199:Core/Src/stm32f1xx_hal_msp.c ****     GPIO_InitStruct.Speed = GPIO_SPEED_FREQ_HIGH;
 200:Core/Src/stm32f1xx_hal_msp.c ****     HAL_GPIO_Init(GPIOB, &GPIO_InitStruct);
 201:Core/Src/stm32f1xx_hal_msp.c **** 
 202:Core/Src/stm32f1xx_hal_msp.c ****     /* Peripheral clock enable */
 203:Core/Src/stm32f1xx_hal_msp.c ****     __HAL_RCC_I2C1_CLK_ENABLE();
 204:Core/Src/stm32f1xx_hal_msp.c ****   /* USER CODE BEGIN I2C1_MspInit 1 */
 205:Core/Src/stm32f1xx_hal_msp.c **** 
 206:Core/Src/stm32f1xx_hal_msp.c ****   /* USER CODE END I2C1_MspInit 1 */
 207:Core/Src/stm32f1xx_hal_msp.c **** 
 208:Core/Src/stm32f1xx_hal_msp.c ****   }
 209:Core/Src/stm32f1xx_hal_msp.c **** 
 210:Core/Src/stm32f1xx_hal_msp.c **** }
 368              		.loc 1 210 1 view .LVU93
 369 0016 06B0     		add	sp, sp, #24
 370              	.LCFI9:
 371              		.cfi_remember_state
 372              		.cfi_def_cfa_offset 8
 373              		@ sp needed
 374 0018 10BD     		pop	{r4, pc}
 375              	.LVL20:
 376              	.L25:
 377              	.LCFI10:
 378              		.cfi_restore_state
 192:Core/Src/stm32f1xx_hal_msp.c ****     /**I2C1 GPIO Configuration
ARM GAS  C:\Users\l1234\AppData\Local\Temp\cc4ek1oi.s 			page 12


 379              		.loc 1 192 5 is_stmt 1 view .LVU94
 380              	.LBB7:
 192:Core/Src/stm32f1xx_hal_msp.c ****     /**I2C1 GPIO Configuration
 381              		.loc 1 192 5 view .LVU95
 192:Core/Src/stm32f1xx_hal_msp.c ****     /**I2C1 GPIO Configuration
 382              		.loc 1 192 5 view .LVU96
 383 001a 104C     		ldr	r4, .L26+4
 384 001c A369     		ldr	r3, [r4, #24]
 385 001e 43F00803 		orr	r3, r3, #8
 386 0022 A361     		str	r3, [r4, #24]
 192:Core/Src/stm32f1xx_hal_msp.c ****     /**I2C1 GPIO Configuration
 387              		.loc 1 192 5 view .LVU97
 388 0024 A369     		ldr	r3, [r4, #24]
 389 0026 03F00803 		and	r3, r3, #8
 390 002a 0093     		str	r3, [sp]
 192:Core/Src/stm32f1xx_hal_msp.c ****     /**I2C1 GPIO Configuration
 391              		.loc 1 192 5 view .LVU98
 392 002c 009B     		ldr	r3, [sp]
 393              	.LBE7:
 192:Core/Src/stm32f1xx_hal_msp.c ****     /**I2C1 GPIO Configuration
 394              		.loc 1 192 5 view .LVU99
 197:Core/Src/stm32f1xx_hal_msp.c ****     GPIO_InitStruct.Mode = GPIO_MODE_AF_OD;
 395              		.loc 1 197 5 view .LVU100
 197:Core/Src/stm32f1xx_hal_msp.c ****     GPIO_InitStruct.Mode = GPIO_MODE_AF_OD;
 396              		.loc 1 197 25 is_stmt 0 view .LVU101
 397 002e C023     		movs	r3, #192
 398 0030 0293     		str	r3, [sp, #8]
 198:Core/Src/stm32f1xx_hal_msp.c ****     GPIO_InitStruct.Speed = GPIO_SPEED_FREQ_HIGH;
 399              		.loc 1 198 5 is_stmt 1 view .LVU102
 198:Core/Src/stm32f1xx_hal_msp.c ****     GPIO_InitStruct.Speed = GPIO_SPEED_FREQ_HIGH;
 400              		.loc 1 198 26 is_stmt 0 view .LVU103
 401 0032 1223     		movs	r3, #18
 402 0034 0393     		str	r3, [sp, #12]
 199:Core/Src/stm32f1xx_hal_msp.c ****     HAL_GPIO_Init(GPIOB, &GPIO_InitStruct);
 403              		.loc 1 199 5 is_stmt 1 view .LVU104
 199:Core/Src/stm32f1xx_hal_msp.c ****     HAL_GPIO_Init(GPIOB, &GPIO_InitStruct);
 404              		.loc 1 199 27 is_stmt 0 view .LVU105
 405 0036 0323     		movs	r3, #3
 406 0038 0593     		str	r3, [sp, #20]
 200:Core/Src/stm32f1xx_hal_msp.c **** 
 407              		.loc 1 200 5 is_stmt 1 view .LVU106
 408 003a 02A9     		add	r1, sp, #8
 409 003c 0848     		ldr	r0, .L26+8
 410              	.LVL21:
 200:Core/Src/stm32f1xx_hal_msp.c **** 
 411              		.loc 1 200 5 is_stmt 0 view .LVU107
 412 003e FFF7FEFF 		bl	HAL_GPIO_Init
 413              	.LVL22:
 203:Core/Src/stm32f1xx_hal_msp.c ****   /* USER CODE BEGIN I2C1_MspInit 1 */
 414              		.loc 1 203 5 is_stmt 1 view .LVU108
 415              	.LBB8:
 203:Core/Src/stm32f1xx_hal_msp.c ****   /* USER CODE BEGIN I2C1_MspInit 1 */
 416              		.loc 1 203 5 view .LVU109
 203:Core/Src/stm32f1xx_hal_msp.c ****   /* USER CODE BEGIN I2C1_MspInit 1 */
 417              		.loc 1 203 5 view .LVU110
 418 0042 E369     		ldr	r3, [r4, #28]
 419 0044 43F40013 		orr	r3, r3, #2097152
ARM GAS  C:\Users\l1234\AppData\Local\Temp\cc4ek1oi.s 			page 13


 420 0048 E361     		str	r3, [r4, #28]
 203:Core/Src/stm32f1xx_hal_msp.c ****   /* USER CODE BEGIN I2C1_MspInit 1 */
 421              		.loc 1 203 5 view .LVU111
 422 004a E369     		ldr	r3, [r4, #28]
 423 004c 03F40013 		and	r3, r3, #2097152
 424 0050 0193     		str	r3, [sp, #4]
 203:Core/Src/stm32f1xx_hal_msp.c ****   /* USER CODE BEGIN I2C1_MspInit 1 */
 425              		.loc 1 203 5 view .LVU112
 426 0052 019B     		ldr	r3, [sp, #4]
 427              	.LBE8:
 203:Core/Src/stm32f1xx_hal_msp.c ****   /* USER CODE BEGIN I2C1_MspInit 1 */
 428              		.loc 1 203 5 view .LVU113
 429              		.loc 1 210 1 is_stmt 0 view .LVU114
 430 0054 DFE7     		b	.L22
 431              	.L27:
 432 0056 00BF     		.align	2
 433              	.L26:
 434 0058 00540040 		.word	1073763328
 435 005c 00100240 		.word	1073876992
 436 0060 000C0140 		.word	1073810432
 437              		.cfi_endproc
 438              	.LFE68:
 440              		.section	.text.HAL_I2C_MspDeInit,"ax",%progbits
 441              		.align	1
 442              		.global	HAL_I2C_MspDeInit
 443              		.syntax unified
 444              		.thumb
 445              		.thumb_func
 447              	HAL_I2C_MspDeInit:
 448              	.LVL23:
 449              	.LFB69:
 211:Core/Src/stm32f1xx_hal_msp.c **** 
 212:Core/Src/stm32f1xx_hal_msp.c **** /**
 213:Core/Src/stm32f1xx_hal_msp.c **** * @brief I2C MSP De-Initialization
 214:Core/Src/stm32f1xx_hal_msp.c **** * This function freeze the hardware resources used in this example
 215:Core/Src/stm32f1xx_hal_msp.c **** * @param hi2c: I2C handle pointer
 216:Core/Src/stm32f1xx_hal_msp.c **** * @retval None
 217:Core/Src/stm32f1xx_hal_msp.c **** */
 218:Core/Src/stm32f1xx_hal_msp.c **** void HAL_I2C_MspDeInit(I2C_HandleTypeDef* hi2c)
 219:Core/Src/stm32f1xx_hal_msp.c **** {
 450              		.loc 1 219 1 is_stmt 1 view -0
 451              		.cfi_startproc
 452              		@ args = 0, pretend = 0, frame = 0
 453              		@ frame_needed = 0, uses_anonymous_args = 0
 220:Core/Src/stm32f1xx_hal_msp.c ****   if(hi2c->Instance==I2C1)
 454              		.loc 1 220 3 view .LVU116
 455              		.loc 1 220 10 is_stmt 0 view .LVU117
 456 0000 0268     		ldr	r2, [r0]
 457              		.loc 1 220 5 view .LVU118
 458 0002 0A4B     		ldr	r3, .L35
 459 0004 9A42     		cmp	r2, r3
 460 0006 00D0     		beq	.L34
 461 0008 7047     		bx	lr
 462              	.L34:
 219:Core/Src/stm32f1xx_hal_msp.c ****   if(hi2c->Instance==I2C1)
 463              		.loc 1 219 1 view .LVU119
 464 000a 10B5     		push	{r4, lr}
ARM GAS  C:\Users\l1234\AppData\Local\Temp\cc4ek1oi.s 			page 14


 465              	.LCFI11:
 466              		.cfi_def_cfa_offset 8
 467              		.cfi_offset 4, -8
 468              		.cfi_offset 14, -4
 221:Core/Src/stm32f1xx_hal_msp.c ****   {
 222:Core/Src/stm32f1xx_hal_msp.c ****   /* USER CODE BEGIN I2C1_MspDeInit 0 */
 223:Core/Src/stm32f1xx_hal_msp.c **** 
 224:Core/Src/stm32f1xx_hal_msp.c ****   /* USER CODE END I2C1_MspDeInit 0 */
 225:Core/Src/stm32f1xx_hal_msp.c ****     /* Peripheral clock disable */
 226:Core/Src/stm32f1xx_hal_msp.c ****     __HAL_RCC_I2C1_CLK_DISABLE();
 469              		.loc 1 226 5 is_stmt 1 view .LVU120
 470 000c 084A     		ldr	r2, .L35+4
 471 000e D369     		ldr	r3, [r2, #28]
 472 0010 23F40013 		bic	r3, r3, #2097152
 473 0014 D361     		str	r3, [r2, #28]
 227:Core/Src/stm32f1xx_hal_msp.c **** 
 228:Core/Src/stm32f1xx_hal_msp.c ****     /**I2C1 GPIO Configuration
 229:Core/Src/stm32f1xx_hal_msp.c ****     PB6     ------> I2C1_SCL
 230:Core/Src/stm32f1xx_hal_msp.c ****     PB7     ------> I2C1_SDA
 231:Core/Src/stm32f1xx_hal_msp.c ****     */
 232:Core/Src/stm32f1xx_hal_msp.c ****     HAL_GPIO_DeInit(GPIOB, GPIO_PIN_6);
 474              		.loc 1 232 5 view .LVU121
 475 0016 074C     		ldr	r4, .L35+8
 476 0018 4021     		movs	r1, #64
 477 001a 2046     		mov	r0, r4
 478              	.LVL24:
 479              		.loc 1 232 5 is_stmt 0 view .LVU122
 480 001c FFF7FEFF 		bl	HAL_GPIO_DeInit
 481              	.LVL25:
 233:Core/Src/stm32f1xx_hal_msp.c **** 
 234:Core/Src/stm32f1xx_hal_msp.c ****     HAL_GPIO_DeInit(GPIOB, GPIO_PIN_7);
 482              		.loc 1 234 5 is_stmt 1 view .LVU123
 483 0020 8021     		movs	r1, #128
 484 0022 2046     		mov	r0, r4
 485 0024 FFF7FEFF 		bl	HAL_GPIO_DeInit
 486              	.LVL26:
 235:Core/Src/stm32f1xx_hal_msp.c **** 
 236:Core/Src/stm32f1xx_hal_msp.c ****   /* USER CODE BEGIN I2C1_MspDeInit 1 */
 237:Core/Src/stm32f1xx_hal_msp.c **** 
 238:Core/Src/stm32f1xx_hal_msp.c ****   /* USER CODE END I2C1_MspDeInit 1 */
 239:Core/Src/stm32f1xx_hal_msp.c ****   }
 240:Core/Src/stm32f1xx_hal_msp.c **** 
 241:Core/Src/stm32f1xx_hal_msp.c **** }
 487              		.loc 1 241 1 is_stmt 0 view .LVU124
 488 0028 10BD     		pop	{r4, pc}
 489              	.L36:
 490 002a 00BF     		.align	2
 491              	.L35:
 492 002c 00540040 		.word	1073763328
 493 0030 00100240 		.word	1073876992
 494 0034 000C0140 		.word	1073810432
 495              		.cfi_endproc
 496              	.LFE69:
 498              		.section	.text.HAL_SPI_MspInit,"ax",%progbits
 499              		.align	1
 500              		.global	HAL_SPI_MspInit
 501              		.syntax unified
ARM GAS  C:\Users\l1234\AppData\Local\Temp\cc4ek1oi.s 			page 15


 502              		.thumb
 503              		.thumb_func
 505              	HAL_SPI_MspInit:
 506              	.LVL27:
 507              	.LFB70:
 242:Core/Src/stm32f1xx_hal_msp.c **** 
 243:Core/Src/stm32f1xx_hal_msp.c **** /**
 244:Core/Src/stm32f1xx_hal_msp.c **** * @brief SPI MSP Initialization
 245:Core/Src/stm32f1xx_hal_msp.c **** * This function configures the hardware resources used in this example
 246:Core/Src/stm32f1xx_hal_msp.c **** * @param hspi: SPI handle pointer
 247:Core/Src/stm32f1xx_hal_msp.c **** * @retval None
 248:Core/Src/stm32f1xx_hal_msp.c **** */
 249:Core/Src/stm32f1xx_hal_msp.c **** void HAL_SPI_MspInit(SPI_HandleTypeDef* hspi)
 250:Core/Src/stm32f1xx_hal_msp.c **** {
 508              		.loc 1 250 1 is_stmt 1 view -0
 509              		.cfi_startproc
 510              		@ args = 0, pretend = 0, frame = 24
 511              		@ frame_needed = 0, uses_anonymous_args = 0
 512              		.loc 1 250 1 is_stmt 0 view .LVU126
 513 0000 30B5     		push	{r4, r5, lr}
 514              	.LCFI12:
 515              		.cfi_def_cfa_offset 12
 516              		.cfi_offset 4, -12
 517              		.cfi_offset 5, -8
 518              		.cfi_offset 14, -4
 519 0002 87B0     		sub	sp, sp, #28
 520              	.LCFI13:
 521              		.cfi_def_cfa_offset 40
 251:Core/Src/stm32f1xx_hal_msp.c ****   GPIO_InitTypeDef GPIO_InitStruct = {0};
 522              		.loc 1 251 3 is_stmt 1 view .LVU127
 523              		.loc 1 251 20 is_stmt 0 view .LVU128
 524 0004 0023     		movs	r3, #0
 525 0006 0293     		str	r3, [sp, #8]
 526 0008 0393     		str	r3, [sp, #12]
 527 000a 0493     		str	r3, [sp, #16]
 528 000c 0593     		str	r3, [sp, #20]
 252:Core/Src/stm32f1xx_hal_msp.c ****   if(hspi->Instance==SPI2)
 529              		.loc 1 252 3 is_stmt 1 view .LVU129
 530              		.loc 1 252 10 is_stmt 0 view .LVU130
 531 000e 0268     		ldr	r2, [r0]
 532              		.loc 1 252 5 view .LVU131
 533 0010 1B4B     		ldr	r3, .L41
 534 0012 9A42     		cmp	r2, r3
 535 0014 01D0     		beq	.L40
 536              	.LVL28:
 537              	.L37:
 253:Core/Src/stm32f1xx_hal_msp.c ****   {
 254:Core/Src/stm32f1xx_hal_msp.c ****   /* USER CODE BEGIN SPI2_MspInit 0 */
 255:Core/Src/stm32f1xx_hal_msp.c **** 
 256:Core/Src/stm32f1xx_hal_msp.c ****   /* USER CODE END SPI2_MspInit 0 */
 257:Core/Src/stm32f1xx_hal_msp.c ****     /* Peripheral clock enable */
 258:Core/Src/stm32f1xx_hal_msp.c ****     __HAL_RCC_SPI2_CLK_ENABLE();
 259:Core/Src/stm32f1xx_hal_msp.c **** 
 260:Core/Src/stm32f1xx_hal_msp.c ****     __HAL_RCC_GPIOB_CLK_ENABLE();
 261:Core/Src/stm32f1xx_hal_msp.c ****     /**SPI2 GPIO Configuration
 262:Core/Src/stm32f1xx_hal_msp.c ****     PB13     ------> SPI2_SCK
 263:Core/Src/stm32f1xx_hal_msp.c ****     PB14     ------> SPI2_MISO
ARM GAS  C:\Users\l1234\AppData\Local\Temp\cc4ek1oi.s 			page 16


 264:Core/Src/stm32f1xx_hal_msp.c ****     PB15     ------> SPI2_MOSI
 265:Core/Src/stm32f1xx_hal_msp.c ****     */
 266:Core/Src/stm32f1xx_hal_msp.c ****     GPIO_InitStruct.Pin = GPIO_PIN_13|GPIO_PIN_15;
 267:Core/Src/stm32f1xx_hal_msp.c ****     GPIO_InitStruct.Mode = GPIO_MODE_AF_PP;
 268:Core/Src/stm32f1xx_hal_msp.c ****     GPIO_InitStruct.Speed = GPIO_SPEED_FREQ_HIGH;
 269:Core/Src/stm32f1xx_hal_msp.c ****     HAL_GPIO_Init(GPIOB, &GPIO_InitStruct);
 270:Core/Src/stm32f1xx_hal_msp.c **** 
 271:Core/Src/stm32f1xx_hal_msp.c ****     GPIO_InitStruct.Pin = GPIO_PIN_14;
 272:Core/Src/stm32f1xx_hal_msp.c ****     GPIO_InitStruct.Mode = GPIO_MODE_INPUT;
 273:Core/Src/stm32f1xx_hal_msp.c ****     GPIO_InitStruct.Pull = GPIO_NOPULL;
 274:Core/Src/stm32f1xx_hal_msp.c ****     HAL_GPIO_Init(GPIOB, &GPIO_InitStruct);
 275:Core/Src/stm32f1xx_hal_msp.c **** 
 276:Core/Src/stm32f1xx_hal_msp.c ****     /* SPI2 interrupt Init */
 277:Core/Src/stm32f1xx_hal_msp.c ****     HAL_NVIC_SetPriority(SPI2_IRQn, 0, 0);
 278:Core/Src/stm32f1xx_hal_msp.c ****     HAL_NVIC_EnableIRQ(SPI2_IRQn);
 279:Core/Src/stm32f1xx_hal_msp.c ****   /* USER CODE BEGIN SPI2_MspInit 1 */
 280:Core/Src/stm32f1xx_hal_msp.c **** 
 281:Core/Src/stm32f1xx_hal_msp.c ****   /* USER CODE END SPI2_MspInit 1 */
 282:Core/Src/stm32f1xx_hal_msp.c **** 
 283:Core/Src/stm32f1xx_hal_msp.c ****   }
 284:Core/Src/stm32f1xx_hal_msp.c **** 
 285:Core/Src/stm32f1xx_hal_msp.c **** }
 538              		.loc 1 285 1 view .LVU132
 539 0016 07B0     		add	sp, sp, #28
 540              	.LCFI14:
 541              		.cfi_remember_state
 542              		.cfi_def_cfa_offset 12
 543              		@ sp needed
 544 0018 30BD     		pop	{r4, r5, pc}
 545              	.LVL29:
 546              	.L40:
 547              	.LCFI15:
 548              		.cfi_restore_state
 258:Core/Src/stm32f1xx_hal_msp.c **** 
 549              		.loc 1 258 5 is_stmt 1 view .LVU133
 550              	.LBB9:
 258:Core/Src/stm32f1xx_hal_msp.c **** 
 551              		.loc 1 258 5 view .LVU134
 258:Core/Src/stm32f1xx_hal_msp.c **** 
 552              		.loc 1 258 5 view .LVU135
 553 001a 03F5EC33 		add	r3, r3, #120832
 554 001e DA69     		ldr	r2, [r3, #28]
 555 0020 42F48042 		orr	r2, r2, #16384
 556 0024 DA61     		str	r2, [r3, #28]
 258:Core/Src/stm32f1xx_hal_msp.c **** 
 557              		.loc 1 258 5 view .LVU136
 558 0026 DA69     		ldr	r2, [r3, #28]
 559 0028 02F48042 		and	r2, r2, #16384
 560 002c 0092     		str	r2, [sp]
 258:Core/Src/stm32f1xx_hal_msp.c **** 
 561              		.loc 1 258 5 view .LVU137
 562 002e 009A     		ldr	r2, [sp]
 563              	.LBE9:
 258:Core/Src/stm32f1xx_hal_msp.c **** 
 564              		.loc 1 258 5 view .LVU138
 260:Core/Src/stm32f1xx_hal_msp.c ****     /**SPI2 GPIO Configuration
 565              		.loc 1 260 5 view .LVU139
ARM GAS  C:\Users\l1234\AppData\Local\Temp\cc4ek1oi.s 			page 17


 566              	.LBB10:
 260:Core/Src/stm32f1xx_hal_msp.c ****     /**SPI2 GPIO Configuration
 567              		.loc 1 260 5 view .LVU140
 260:Core/Src/stm32f1xx_hal_msp.c ****     /**SPI2 GPIO Configuration
 568              		.loc 1 260 5 view .LVU141
 569 0030 9A69     		ldr	r2, [r3, #24]
 570 0032 42F00802 		orr	r2, r2, #8
 571 0036 9A61     		str	r2, [r3, #24]
 260:Core/Src/stm32f1xx_hal_msp.c ****     /**SPI2 GPIO Configuration
 572              		.loc 1 260 5 view .LVU142
 573 0038 9B69     		ldr	r3, [r3, #24]
 574 003a 03F00803 		and	r3, r3, #8
 575 003e 0193     		str	r3, [sp, #4]
 260:Core/Src/stm32f1xx_hal_msp.c ****     /**SPI2 GPIO Configuration
 576              		.loc 1 260 5 view .LVU143
 577 0040 019B     		ldr	r3, [sp, #4]
 578              	.LBE10:
 260:Core/Src/stm32f1xx_hal_msp.c ****     /**SPI2 GPIO Configuration
 579              		.loc 1 260 5 view .LVU144
 266:Core/Src/stm32f1xx_hal_msp.c ****     GPIO_InitStruct.Mode = GPIO_MODE_AF_PP;
 580              		.loc 1 266 5 view .LVU145
 266:Core/Src/stm32f1xx_hal_msp.c ****     GPIO_InitStruct.Mode = GPIO_MODE_AF_PP;
 581              		.loc 1 266 25 is_stmt 0 view .LVU146
 582 0042 4FF42043 		mov	r3, #40960
 583 0046 0293     		str	r3, [sp, #8]
 267:Core/Src/stm32f1xx_hal_msp.c ****     GPIO_InitStruct.Speed = GPIO_SPEED_FREQ_HIGH;
 584              		.loc 1 267 5 is_stmt 1 view .LVU147
 267:Core/Src/stm32f1xx_hal_msp.c ****     GPIO_InitStruct.Speed = GPIO_SPEED_FREQ_HIGH;
 585              		.loc 1 267 26 is_stmt 0 view .LVU148
 586 0048 0223     		movs	r3, #2
 587 004a 0393     		str	r3, [sp, #12]
 268:Core/Src/stm32f1xx_hal_msp.c ****     HAL_GPIO_Init(GPIOB, &GPIO_InitStruct);
 588              		.loc 1 268 5 is_stmt 1 view .LVU149
 268:Core/Src/stm32f1xx_hal_msp.c ****     HAL_GPIO_Init(GPIOB, &GPIO_InitStruct);
 589              		.loc 1 268 27 is_stmt 0 view .LVU150
 590 004c 0323     		movs	r3, #3
 591 004e 0593     		str	r3, [sp, #20]
 269:Core/Src/stm32f1xx_hal_msp.c **** 
 592              		.loc 1 269 5 is_stmt 1 view .LVU151
 593 0050 0C4D     		ldr	r5, .L41+4
 594 0052 02A9     		add	r1, sp, #8
 595 0054 2846     		mov	r0, r5
 596              	.LVL30:
 269:Core/Src/stm32f1xx_hal_msp.c **** 
 597              		.loc 1 269 5 is_stmt 0 view .LVU152
 598 0056 FFF7FEFF 		bl	HAL_GPIO_Init
 599              	.LVL31:
 271:Core/Src/stm32f1xx_hal_msp.c ****     GPIO_InitStruct.Mode = GPIO_MODE_INPUT;
 600              		.loc 1 271 5 is_stmt 1 view .LVU153
 271:Core/Src/stm32f1xx_hal_msp.c ****     GPIO_InitStruct.Mode = GPIO_MODE_INPUT;
 601              		.loc 1 271 25 is_stmt 0 view .LVU154
 602 005a 4FF48043 		mov	r3, #16384
 603 005e 0293     		str	r3, [sp, #8]
 272:Core/Src/stm32f1xx_hal_msp.c ****     GPIO_InitStruct.Pull = GPIO_NOPULL;
 604              		.loc 1 272 5 is_stmt 1 view .LVU155
 272:Core/Src/stm32f1xx_hal_msp.c ****     GPIO_InitStruct.Pull = GPIO_NOPULL;
 605              		.loc 1 272 26 is_stmt 0 view .LVU156
ARM GAS  C:\Users\l1234\AppData\Local\Temp\cc4ek1oi.s 			page 18


 606 0060 0024     		movs	r4, #0
 607 0062 0394     		str	r4, [sp, #12]
 273:Core/Src/stm32f1xx_hal_msp.c ****     HAL_GPIO_Init(GPIOB, &GPIO_InitStruct);
 608              		.loc 1 273 5 is_stmt 1 view .LVU157
 273:Core/Src/stm32f1xx_hal_msp.c ****     HAL_GPIO_Init(GPIOB, &GPIO_InitStruct);
 609              		.loc 1 273 26 is_stmt 0 view .LVU158
 610 0064 0494     		str	r4, [sp, #16]
 274:Core/Src/stm32f1xx_hal_msp.c **** 
 611              		.loc 1 274 5 is_stmt 1 view .LVU159
 612 0066 02A9     		add	r1, sp, #8
 613 0068 2846     		mov	r0, r5
 614 006a FFF7FEFF 		bl	HAL_GPIO_Init
 615              	.LVL32:
 277:Core/Src/stm32f1xx_hal_msp.c ****     HAL_NVIC_EnableIRQ(SPI2_IRQn);
 616              		.loc 1 277 5 view .LVU160
 617 006e 2246     		mov	r2, r4
 618 0070 2146     		mov	r1, r4
 619 0072 2420     		movs	r0, #36
 620 0074 FFF7FEFF 		bl	HAL_NVIC_SetPriority
 621              	.LVL33:
 278:Core/Src/stm32f1xx_hal_msp.c ****   /* USER CODE BEGIN SPI2_MspInit 1 */
 622              		.loc 1 278 5 view .LVU161
 623 0078 2420     		movs	r0, #36
 624 007a FFF7FEFF 		bl	HAL_NVIC_EnableIRQ
 625              	.LVL34:
 626              		.loc 1 285 1 is_stmt 0 view .LVU162
 627 007e CAE7     		b	.L37
 628              	.L42:
 629              		.align	2
 630              	.L41:
 631 0080 00380040 		.word	1073756160
 632 0084 000C0140 		.word	1073810432
 633              		.cfi_endproc
 634              	.LFE70:
 636              		.section	.text.HAL_SPI_MspDeInit,"ax",%progbits
 637              		.align	1
 638              		.global	HAL_SPI_MspDeInit
 639              		.syntax unified
 640              		.thumb
 641              		.thumb_func
 643              	HAL_SPI_MspDeInit:
 644              	.LVL35:
 645              	.LFB71:
 286:Core/Src/stm32f1xx_hal_msp.c **** 
 287:Core/Src/stm32f1xx_hal_msp.c **** /**
 288:Core/Src/stm32f1xx_hal_msp.c **** * @brief SPI MSP De-Initialization
 289:Core/Src/stm32f1xx_hal_msp.c **** * This function freeze the hardware resources used in this example
 290:Core/Src/stm32f1xx_hal_msp.c **** * @param hspi: SPI handle pointer
 291:Core/Src/stm32f1xx_hal_msp.c **** * @retval None
 292:Core/Src/stm32f1xx_hal_msp.c **** */
 293:Core/Src/stm32f1xx_hal_msp.c **** void HAL_SPI_MspDeInit(SPI_HandleTypeDef* hspi)
 294:Core/Src/stm32f1xx_hal_msp.c **** {
 646              		.loc 1 294 1 is_stmt 1 view -0
 647              		.cfi_startproc
 648              		@ args = 0, pretend = 0, frame = 0
 649              		@ frame_needed = 0, uses_anonymous_args = 0
 650              		.loc 1 294 1 is_stmt 0 view .LVU164
ARM GAS  C:\Users\l1234\AppData\Local\Temp\cc4ek1oi.s 			page 19


 651 0000 08B5     		push	{r3, lr}
 652              	.LCFI16:
 653              		.cfi_def_cfa_offset 8
 654              		.cfi_offset 3, -8
 655              		.cfi_offset 14, -4
 295:Core/Src/stm32f1xx_hal_msp.c ****   if(hspi->Instance==SPI2)
 656              		.loc 1 295 3 is_stmt 1 view .LVU165
 657              		.loc 1 295 10 is_stmt 0 view .LVU166
 658 0002 0268     		ldr	r2, [r0]
 659              		.loc 1 295 5 view .LVU167
 660 0004 084B     		ldr	r3, .L47
 661 0006 9A42     		cmp	r2, r3
 662 0008 00D0     		beq	.L46
 663              	.LVL36:
 664              	.L43:
 296:Core/Src/stm32f1xx_hal_msp.c ****   {
 297:Core/Src/stm32f1xx_hal_msp.c ****   /* USER CODE BEGIN SPI2_MspDeInit 0 */
 298:Core/Src/stm32f1xx_hal_msp.c **** 
 299:Core/Src/stm32f1xx_hal_msp.c ****   /* USER CODE END SPI2_MspDeInit 0 */
 300:Core/Src/stm32f1xx_hal_msp.c ****     /* Peripheral clock disable */
 301:Core/Src/stm32f1xx_hal_msp.c ****     __HAL_RCC_SPI2_CLK_DISABLE();
 302:Core/Src/stm32f1xx_hal_msp.c **** 
 303:Core/Src/stm32f1xx_hal_msp.c ****     /**SPI2 GPIO Configuration
 304:Core/Src/stm32f1xx_hal_msp.c ****     PB13     ------> SPI2_SCK
 305:Core/Src/stm32f1xx_hal_msp.c ****     PB14     ------> SPI2_MISO
 306:Core/Src/stm32f1xx_hal_msp.c ****     PB15     ------> SPI2_MOSI
 307:Core/Src/stm32f1xx_hal_msp.c ****     */
 308:Core/Src/stm32f1xx_hal_msp.c ****     HAL_GPIO_DeInit(GPIOB, GPIO_PIN_13|GPIO_PIN_14|GPIO_PIN_15);
 309:Core/Src/stm32f1xx_hal_msp.c **** 
 310:Core/Src/stm32f1xx_hal_msp.c ****     /* SPI2 interrupt DeInit */
 311:Core/Src/stm32f1xx_hal_msp.c ****     HAL_NVIC_DisableIRQ(SPI2_IRQn);
 312:Core/Src/stm32f1xx_hal_msp.c ****   /* USER CODE BEGIN SPI2_MspDeInit 1 */
 313:Core/Src/stm32f1xx_hal_msp.c **** 
 314:Core/Src/stm32f1xx_hal_msp.c ****   /* USER CODE END SPI2_MspDeInit 1 */
 315:Core/Src/stm32f1xx_hal_msp.c ****   }
 316:Core/Src/stm32f1xx_hal_msp.c **** 
 317:Core/Src/stm32f1xx_hal_msp.c **** }
 665              		.loc 1 317 1 view .LVU168
 666 000a 08BD     		pop	{r3, pc}
 667              	.LVL37:
 668              	.L46:
 301:Core/Src/stm32f1xx_hal_msp.c **** 
 669              		.loc 1 301 5 is_stmt 1 view .LVU169
 670 000c 074A     		ldr	r2, .L47+4
 671 000e D369     		ldr	r3, [r2, #28]
 672 0010 23F48043 		bic	r3, r3, #16384
 673 0014 D361     		str	r3, [r2, #28]
 308:Core/Src/stm32f1xx_hal_msp.c **** 
 674              		.loc 1 308 5 view .LVU170
 675 0016 4FF46041 		mov	r1, #57344
 676 001a 0548     		ldr	r0, .L47+8
 677              	.LVL38:
 308:Core/Src/stm32f1xx_hal_msp.c **** 
 678              		.loc 1 308 5 is_stmt 0 view .LVU171
 679 001c FFF7FEFF 		bl	HAL_GPIO_DeInit
 680              	.LVL39:
 311:Core/Src/stm32f1xx_hal_msp.c ****   /* USER CODE BEGIN SPI2_MspDeInit 1 */
ARM GAS  C:\Users\l1234\AppData\Local\Temp\cc4ek1oi.s 			page 20


 681              		.loc 1 311 5 is_stmt 1 view .LVU172
 682 0020 2420     		movs	r0, #36
 683 0022 FFF7FEFF 		bl	HAL_NVIC_DisableIRQ
 684              	.LVL40:
 685              		.loc 1 317 1 is_stmt 0 view .LVU173
 686 0026 F0E7     		b	.L43
 687              	.L48:
 688              		.align	2
 689              	.L47:
 690 0028 00380040 		.word	1073756160
 691 002c 00100240 		.word	1073876992
 692 0030 000C0140 		.word	1073810432
 693              		.cfi_endproc
 694              	.LFE71:
 696              		.section	.text.HAL_UART_MspInit,"ax",%progbits
 697              		.align	1
 698              		.global	HAL_UART_MspInit
 699              		.syntax unified
 700              		.thumb
 701              		.thumb_func
 703              	HAL_UART_MspInit:
 704              	.LVL41:
 705              	.LFB72:
 318:Core/Src/stm32f1xx_hal_msp.c **** 
 319:Core/Src/stm32f1xx_hal_msp.c **** /**
 320:Core/Src/stm32f1xx_hal_msp.c **** * @brief UART MSP Initialization
 321:Core/Src/stm32f1xx_hal_msp.c **** * This function configures the hardware resources used in this example
 322:Core/Src/stm32f1xx_hal_msp.c **** * @param huart: UART handle pointer
 323:Core/Src/stm32f1xx_hal_msp.c **** * @retval None
 324:Core/Src/stm32f1xx_hal_msp.c **** */
 325:Core/Src/stm32f1xx_hal_msp.c **** void HAL_UART_MspInit(UART_HandleTypeDef* huart)
 326:Core/Src/stm32f1xx_hal_msp.c **** {
 706              		.loc 1 326 1 is_stmt 1 view -0
 707              		.cfi_startproc
 708              		@ args = 0, pretend = 0, frame = 24
 709              		@ frame_needed = 0, uses_anonymous_args = 0
 710              		.loc 1 326 1 is_stmt 0 view .LVU175
 711 0000 30B5     		push	{r4, r5, lr}
 712              	.LCFI17:
 713              		.cfi_def_cfa_offset 12
 714              		.cfi_offset 4, -12
 715              		.cfi_offset 5, -8
 716              		.cfi_offset 14, -4
 717 0002 87B0     		sub	sp, sp, #28
 718              	.LCFI18:
 719              		.cfi_def_cfa_offset 40
 327:Core/Src/stm32f1xx_hal_msp.c ****   GPIO_InitTypeDef GPIO_InitStruct = {0};
 720              		.loc 1 327 3 is_stmt 1 view .LVU176
 721              		.loc 1 327 20 is_stmt 0 view .LVU177
 722 0004 0023     		movs	r3, #0
 723 0006 0293     		str	r3, [sp, #8]
 724 0008 0393     		str	r3, [sp, #12]
 725 000a 0493     		str	r3, [sp, #16]
 726 000c 0593     		str	r3, [sp, #20]
 328:Core/Src/stm32f1xx_hal_msp.c ****   if(huart->Instance==USART1)
 727              		.loc 1 328 3 is_stmt 1 view .LVU178
 728              		.loc 1 328 11 is_stmt 0 view .LVU179
ARM GAS  C:\Users\l1234\AppData\Local\Temp\cc4ek1oi.s 			page 21


 729 000e 0268     		ldr	r2, [r0]
 730              		.loc 1 328 5 view .LVU180
 731 0010 1B4B     		ldr	r3, .L53
 732 0012 9A42     		cmp	r2, r3
 733 0014 01D0     		beq	.L52
 734              	.LVL42:
 735              	.L49:
 329:Core/Src/stm32f1xx_hal_msp.c ****   {
 330:Core/Src/stm32f1xx_hal_msp.c ****   /* USER CODE BEGIN USART1_MspInit 0 */
 331:Core/Src/stm32f1xx_hal_msp.c **** 
 332:Core/Src/stm32f1xx_hal_msp.c ****   /* USER CODE END USART1_MspInit 0 */
 333:Core/Src/stm32f1xx_hal_msp.c ****     /* Peripheral clock enable */
 334:Core/Src/stm32f1xx_hal_msp.c ****     __HAL_RCC_USART1_CLK_ENABLE();
 335:Core/Src/stm32f1xx_hal_msp.c **** 
 336:Core/Src/stm32f1xx_hal_msp.c ****     __HAL_RCC_GPIOA_CLK_ENABLE();
 337:Core/Src/stm32f1xx_hal_msp.c ****     /**USART1 GPIO Configuration
 338:Core/Src/stm32f1xx_hal_msp.c ****     PA9     ------> USART1_TX
 339:Core/Src/stm32f1xx_hal_msp.c ****     PA10     ------> USART1_RX
 340:Core/Src/stm32f1xx_hal_msp.c ****     */
 341:Core/Src/stm32f1xx_hal_msp.c ****     GPIO_InitStruct.Pin = GPIO_PIN_9;
 342:Core/Src/stm32f1xx_hal_msp.c ****     GPIO_InitStruct.Mode = GPIO_MODE_AF_PP;
 343:Core/Src/stm32f1xx_hal_msp.c ****     GPIO_InitStruct.Speed = GPIO_SPEED_FREQ_HIGH;
 344:Core/Src/stm32f1xx_hal_msp.c ****     HAL_GPIO_Init(GPIOA, &GPIO_InitStruct);
 345:Core/Src/stm32f1xx_hal_msp.c **** 
 346:Core/Src/stm32f1xx_hal_msp.c ****     GPIO_InitStruct.Pin = GPIO_PIN_10;
 347:Core/Src/stm32f1xx_hal_msp.c ****     GPIO_InitStruct.Mode = GPIO_MODE_INPUT;
 348:Core/Src/stm32f1xx_hal_msp.c ****     GPIO_InitStruct.Pull = GPIO_NOPULL;
 349:Core/Src/stm32f1xx_hal_msp.c ****     HAL_GPIO_Init(GPIOA, &GPIO_InitStruct);
 350:Core/Src/stm32f1xx_hal_msp.c **** 
 351:Core/Src/stm32f1xx_hal_msp.c ****     /* USART1 interrupt Init */
 352:Core/Src/stm32f1xx_hal_msp.c ****     HAL_NVIC_SetPriority(USART1_IRQn, 0, 0);
 353:Core/Src/stm32f1xx_hal_msp.c ****     HAL_NVIC_EnableIRQ(USART1_IRQn);
 354:Core/Src/stm32f1xx_hal_msp.c ****   /* USER CODE BEGIN USART1_MspInit 1 */
 355:Core/Src/stm32f1xx_hal_msp.c **** 
 356:Core/Src/stm32f1xx_hal_msp.c ****   /* USER CODE END USART1_MspInit 1 */
 357:Core/Src/stm32f1xx_hal_msp.c **** 
 358:Core/Src/stm32f1xx_hal_msp.c ****   }
 359:Core/Src/stm32f1xx_hal_msp.c **** 
 360:Core/Src/stm32f1xx_hal_msp.c **** }
 736              		.loc 1 360 1 view .LVU181
 737 0016 07B0     		add	sp, sp, #28
 738              	.LCFI19:
 739              		.cfi_remember_state
 740              		.cfi_def_cfa_offset 12
 741              		@ sp needed
 742 0018 30BD     		pop	{r4, r5, pc}
 743              	.LVL43:
 744              	.L52:
 745              	.LCFI20:
 746              		.cfi_restore_state
 334:Core/Src/stm32f1xx_hal_msp.c **** 
 747              		.loc 1 334 5 is_stmt 1 view .LVU182
 748              	.LBB11:
 334:Core/Src/stm32f1xx_hal_msp.c **** 
 749              		.loc 1 334 5 view .LVU183
 334:Core/Src/stm32f1xx_hal_msp.c **** 
 750              		.loc 1 334 5 view .LVU184
ARM GAS  C:\Users\l1234\AppData\Local\Temp\cc4ek1oi.s 			page 22


 751 001a 03F55843 		add	r3, r3, #55296
 752 001e 9A69     		ldr	r2, [r3, #24]
 753 0020 42F48042 		orr	r2, r2, #16384
 754 0024 9A61     		str	r2, [r3, #24]
 334:Core/Src/stm32f1xx_hal_msp.c **** 
 755              		.loc 1 334 5 view .LVU185
 756 0026 9A69     		ldr	r2, [r3, #24]
 757 0028 02F48042 		and	r2, r2, #16384
 758 002c 0092     		str	r2, [sp]
 334:Core/Src/stm32f1xx_hal_msp.c **** 
 759              		.loc 1 334 5 view .LVU186
 760 002e 009A     		ldr	r2, [sp]
 761              	.LBE11:
 334:Core/Src/stm32f1xx_hal_msp.c **** 
 762              		.loc 1 334 5 view .LVU187
 336:Core/Src/stm32f1xx_hal_msp.c ****     /**USART1 GPIO Configuration
 763              		.loc 1 336 5 view .LVU188
 764              	.LBB12:
 336:Core/Src/stm32f1xx_hal_msp.c ****     /**USART1 GPIO Configuration
 765              		.loc 1 336 5 view .LVU189
 336:Core/Src/stm32f1xx_hal_msp.c ****     /**USART1 GPIO Configuration
 766              		.loc 1 336 5 view .LVU190
 767 0030 9A69     		ldr	r2, [r3, #24]
 768 0032 42F00402 		orr	r2, r2, #4
 769 0036 9A61     		str	r2, [r3, #24]
 336:Core/Src/stm32f1xx_hal_msp.c ****     /**USART1 GPIO Configuration
 770              		.loc 1 336 5 view .LVU191
 771 0038 9B69     		ldr	r3, [r3, #24]
 772 003a 03F00403 		and	r3, r3, #4
 773 003e 0193     		str	r3, [sp, #4]
 336:Core/Src/stm32f1xx_hal_msp.c ****     /**USART1 GPIO Configuration
 774              		.loc 1 336 5 view .LVU192
 775 0040 019B     		ldr	r3, [sp, #4]
 776              	.LBE12:
 336:Core/Src/stm32f1xx_hal_msp.c ****     /**USART1 GPIO Configuration
 777              		.loc 1 336 5 view .LVU193
 341:Core/Src/stm32f1xx_hal_msp.c ****     GPIO_InitStruct.Mode = GPIO_MODE_AF_PP;
 778              		.loc 1 341 5 view .LVU194
 341:Core/Src/stm32f1xx_hal_msp.c ****     GPIO_InitStruct.Mode = GPIO_MODE_AF_PP;
 779              		.loc 1 341 25 is_stmt 0 view .LVU195
 780 0042 4FF40073 		mov	r3, #512
 781 0046 0293     		str	r3, [sp, #8]
 342:Core/Src/stm32f1xx_hal_msp.c ****     GPIO_InitStruct.Speed = GPIO_SPEED_FREQ_HIGH;
 782              		.loc 1 342 5 is_stmt 1 view .LVU196
 342:Core/Src/stm32f1xx_hal_msp.c ****     GPIO_InitStruct.Speed = GPIO_SPEED_FREQ_HIGH;
 783              		.loc 1 342 26 is_stmt 0 view .LVU197
 784 0048 0223     		movs	r3, #2
 785 004a 0393     		str	r3, [sp, #12]
 343:Core/Src/stm32f1xx_hal_msp.c ****     HAL_GPIO_Init(GPIOA, &GPIO_InitStruct);
 786              		.loc 1 343 5 is_stmt 1 view .LVU198
 343:Core/Src/stm32f1xx_hal_msp.c ****     HAL_GPIO_Init(GPIOA, &GPIO_InitStruct);
 787              		.loc 1 343 27 is_stmt 0 view .LVU199
 788 004c 0323     		movs	r3, #3
 789 004e 0593     		str	r3, [sp, #20]
 344:Core/Src/stm32f1xx_hal_msp.c **** 
 790              		.loc 1 344 5 is_stmt 1 view .LVU200
 791 0050 0C4D     		ldr	r5, .L53+4
ARM GAS  C:\Users\l1234\AppData\Local\Temp\cc4ek1oi.s 			page 23


 792 0052 02A9     		add	r1, sp, #8
 793 0054 2846     		mov	r0, r5
 794              	.LVL44:
 344:Core/Src/stm32f1xx_hal_msp.c **** 
 795              		.loc 1 344 5 is_stmt 0 view .LVU201
 796 0056 FFF7FEFF 		bl	HAL_GPIO_Init
 797              	.LVL45:
 346:Core/Src/stm32f1xx_hal_msp.c ****     GPIO_InitStruct.Mode = GPIO_MODE_INPUT;
 798              		.loc 1 346 5 is_stmt 1 view .LVU202
 346:Core/Src/stm32f1xx_hal_msp.c ****     GPIO_InitStruct.Mode = GPIO_MODE_INPUT;
 799              		.loc 1 346 25 is_stmt 0 view .LVU203
 800 005a 4FF48063 		mov	r3, #1024
 801 005e 0293     		str	r3, [sp, #8]
 347:Core/Src/stm32f1xx_hal_msp.c ****     GPIO_InitStruct.Pull = GPIO_NOPULL;
 802              		.loc 1 347 5 is_stmt 1 view .LVU204
 347:Core/Src/stm32f1xx_hal_msp.c ****     GPIO_InitStruct.Pull = GPIO_NOPULL;
 803              		.loc 1 347 26 is_stmt 0 view .LVU205
 804 0060 0024     		movs	r4, #0
 805 0062 0394     		str	r4, [sp, #12]
 348:Core/Src/stm32f1xx_hal_msp.c ****     HAL_GPIO_Init(GPIOA, &GPIO_InitStruct);
 806              		.loc 1 348 5 is_stmt 1 view .LVU206
 348:Core/Src/stm32f1xx_hal_msp.c ****     HAL_GPIO_Init(GPIOA, &GPIO_InitStruct);
 807              		.loc 1 348 26 is_stmt 0 view .LVU207
 808 0064 0494     		str	r4, [sp, #16]
 349:Core/Src/stm32f1xx_hal_msp.c **** 
 809              		.loc 1 349 5 is_stmt 1 view .LVU208
 810 0066 02A9     		add	r1, sp, #8
 811 0068 2846     		mov	r0, r5
 812 006a FFF7FEFF 		bl	HAL_GPIO_Init
 813              	.LVL46:
 352:Core/Src/stm32f1xx_hal_msp.c ****     HAL_NVIC_EnableIRQ(USART1_IRQn);
 814              		.loc 1 352 5 view .LVU209
 815 006e 2246     		mov	r2, r4
 816 0070 2146     		mov	r1, r4
 817 0072 2520     		movs	r0, #37
 818 0074 FFF7FEFF 		bl	HAL_NVIC_SetPriority
 819              	.LVL47:
 353:Core/Src/stm32f1xx_hal_msp.c ****   /* USER CODE BEGIN USART1_MspInit 1 */
 820              		.loc 1 353 5 view .LVU210
 821 0078 2520     		movs	r0, #37
 822 007a FFF7FEFF 		bl	HAL_NVIC_EnableIRQ
 823              	.LVL48:
 824              		.loc 1 360 1 is_stmt 0 view .LVU211
 825 007e CAE7     		b	.L49
 826              	.L54:
 827              		.align	2
 828              	.L53:
 829 0080 00380140 		.word	1073821696
 830 0084 00080140 		.word	1073809408
 831              		.cfi_endproc
 832              	.LFE72:
 834              		.section	.text.HAL_UART_MspDeInit,"ax",%progbits
 835              		.align	1
 836              		.global	HAL_UART_MspDeInit
 837              		.syntax unified
 838              		.thumb
 839              		.thumb_func
ARM GAS  C:\Users\l1234\AppData\Local\Temp\cc4ek1oi.s 			page 24


 841              	HAL_UART_MspDeInit:
 842              	.LVL49:
 843              	.LFB73:
 361:Core/Src/stm32f1xx_hal_msp.c **** 
 362:Core/Src/stm32f1xx_hal_msp.c **** /**
 363:Core/Src/stm32f1xx_hal_msp.c **** * @brief UART MSP De-Initialization
 364:Core/Src/stm32f1xx_hal_msp.c **** * This function freeze the hardware resources used in this example
 365:Core/Src/stm32f1xx_hal_msp.c **** * @param huart: UART handle pointer
 366:Core/Src/stm32f1xx_hal_msp.c **** * @retval None
 367:Core/Src/stm32f1xx_hal_msp.c **** */
 368:Core/Src/stm32f1xx_hal_msp.c **** void HAL_UART_MspDeInit(UART_HandleTypeDef* huart)
 369:Core/Src/stm32f1xx_hal_msp.c **** {
 844              		.loc 1 369 1 is_stmt 1 view -0
 845              		.cfi_startproc
 846              		@ args = 0, pretend = 0, frame = 0
 847              		@ frame_needed = 0, uses_anonymous_args = 0
 848              		.loc 1 369 1 is_stmt 0 view .LVU213
 849 0000 08B5     		push	{r3, lr}
 850              	.LCFI21:
 851              		.cfi_def_cfa_offset 8
 852              		.cfi_offset 3, -8
 853              		.cfi_offset 14, -4
 370:Core/Src/stm32f1xx_hal_msp.c ****   if(huart->Instance==USART1)
 854              		.loc 1 370 3 is_stmt 1 view .LVU214
 855              		.loc 1 370 11 is_stmt 0 view .LVU215
 856 0002 0268     		ldr	r2, [r0]
 857              		.loc 1 370 5 view .LVU216
 858 0004 084B     		ldr	r3, .L59
 859 0006 9A42     		cmp	r2, r3
 860 0008 00D0     		beq	.L58
 861              	.LVL50:
 862              	.L55:
 371:Core/Src/stm32f1xx_hal_msp.c ****   {
 372:Core/Src/stm32f1xx_hal_msp.c ****   /* USER CODE BEGIN USART1_MspDeInit 0 */
 373:Core/Src/stm32f1xx_hal_msp.c **** 
 374:Core/Src/stm32f1xx_hal_msp.c ****   /* USER CODE END USART1_MspDeInit 0 */
 375:Core/Src/stm32f1xx_hal_msp.c ****     /* Peripheral clock disable */
 376:Core/Src/stm32f1xx_hal_msp.c ****     __HAL_RCC_USART1_CLK_DISABLE();
 377:Core/Src/stm32f1xx_hal_msp.c **** 
 378:Core/Src/stm32f1xx_hal_msp.c ****     /**USART1 GPIO Configuration
 379:Core/Src/stm32f1xx_hal_msp.c ****     PA9     ------> USART1_TX
 380:Core/Src/stm32f1xx_hal_msp.c ****     PA10     ------> USART1_RX
 381:Core/Src/stm32f1xx_hal_msp.c ****     */
 382:Core/Src/stm32f1xx_hal_msp.c ****     HAL_GPIO_DeInit(GPIOA, GPIO_PIN_9|GPIO_PIN_10);
 383:Core/Src/stm32f1xx_hal_msp.c **** 
 384:Core/Src/stm32f1xx_hal_msp.c ****     /* USART1 interrupt DeInit */
 385:Core/Src/stm32f1xx_hal_msp.c ****     HAL_NVIC_DisableIRQ(USART1_IRQn);
 386:Core/Src/stm32f1xx_hal_msp.c ****   /* USER CODE BEGIN USART1_MspDeInit 1 */
 387:Core/Src/stm32f1xx_hal_msp.c **** 
 388:Core/Src/stm32f1xx_hal_msp.c ****   /* USER CODE END USART1_MspDeInit 1 */
 389:Core/Src/stm32f1xx_hal_msp.c ****   }
 390:Core/Src/stm32f1xx_hal_msp.c **** 
 391:Core/Src/stm32f1xx_hal_msp.c **** }
 863              		.loc 1 391 1 view .LVU217
 864 000a 08BD     		pop	{r3, pc}
 865              	.LVL51:
 866              	.L58:
ARM GAS  C:\Users\l1234\AppData\Local\Temp\cc4ek1oi.s 			page 25


 376:Core/Src/stm32f1xx_hal_msp.c **** 
 867              		.loc 1 376 5 is_stmt 1 view .LVU218
 868 000c 074A     		ldr	r2, .L59+4
 869 000e 9369     		ldr	r3, [r2, #24]
 870 0010 23F48043 		bic	r3, r3, #16384
 871 0014 9361     		str	r3, [r2, #24]
 382:Core/Src/stm32f1xx_hal_msp.c **** 
 872              		.loc 1 382 5 view .LVU219
 873 0016 4FF4C061 		mov	r1, #1536
 874 001a 0548     		ldr	r0, .L59+8
 875              	.LVL52:
 382:Core/Src/stm32f1xx_hal_msp.c **** 
 876              		.loc 1 382 5 is_stmt 0 view .LVU220
 877 001c FFF7FEFF 		bl	HAL_GPIO_DeInit
 878              	.LVL53:
 385:Core/Src/stm32f1xx_hal_msp.c ****   /* USER CODE BEGIN USART1_MspDeInit 1 */
 879              		.loc 1 385 5 is_stmt 1 view .LVU221
 880 0020 2520     		movs	r0, #37
 881 0022 FFF7FEFF 		bl	HAL_NVIC_DisableIRQ
 882              	.LVL54:
 883              		.loc 1 391 1 is_stmt 0 view .LVU222
 884 0026 F0E7     		b	.L55
 885              	.L60:
 886              		.align	2
 887              	.L59:
 888 0028 00380140 		.word	1073821696
 889 002c 00100240 		.word	1073876992
 890 0030 00080140 		.word	1073809408
 891              		.cfi_endproc
 892              	.LFE73:
 894              		.text
 895              	.Letext0:
 896              		.file 2 "Drivers/CMSIS/Device/ST/STM32F1xx/Include/stm32f103xb.h"
 897              		.file 3 "c:\\msys64\\mingw64\\arm-none-eabi\\include\\machine\\_default_types.h"
 898              		.file 4 "c:\\msys64\\mingw64\\arm-none-eabi\\include\\sys\\_stdint.h"
 899              		.file 5 "Drivers/CMSIS/Device/ST/STM32F1xx/Include/stm32f1xx.h"
 900              		.file 6 "Drivers/STM32F1xx_HAL_Driver/Inc/stm32f1xx_hal_def.h"
 901              		.file 7 "Drivers/STM32F1xx_HAL_Driver/Inc/stm32f1xx_hal_gpio.h"
 902              		.file 8 "Drivers/STM32F1xx_HAL_Driver/Inc/stm32f1xx_hal_dma.h"
 903              		.file 9 "Drivers/STM32F1xx_HAL_Driver/Inc/stm32f1xx_hal_adc.h"
 904              		.file 10 "Drivers/STM32F1xx_HAL_Driver/Inc/stm32f1xx_hal_i2c.h"
 905              		.file 11 "Drivers/STM32F1xx_HAL_Driver/Inc/stm32f1xx_hal_spi.h"
 906              		.file 12 "Drivers/STM32F1xx_HAL_Driver/Inc/stm32f1xx_hal_uart.h"
 907              		.file 13 "Drivers/STM32F1xx_HAL_Driver/Inc/stm32f1xx_hal_cortex.h"
 908              		.file 14 "Core/Inc/main.h"
ARM GAS  C:\Users\l1234\AppData\Local\Temp\cc4ek1oi.s 			page 26


DEFINED SYMBOLS
                            *ABS*:00000000 stm32f1xx_hal_msp.c
C:\Users\l1234\AppData\Local\Temp\cc4ek1oi.s:19     .text.HAL_MspInit:00000000 $t
C:\Users\l1234\AppData\Local\Temp\cc4ek1oi.s:25     .text.HAL_MspInit:00000000 HAL_MspInit
C:\Users\l1234\AppData\Local\Temp\cc4ek1oi.s:91     .text.HAL_MspInit:0000003c $d
C:\Users\l1234\AppData\Local\Temp\cc4ek1oi.s:97     .text.HAL_ADC_MspInit:00000000 $t
C:\Users\l1234\AppData\Local\Temp\cc4ek1oi.s:103    .text.HAL_ADC_MspInit:00000000 HAL_ADC_MspInit
C:\Users\l1234\AppData\Local\Temp\cc4ek1oi.s:259    .text.HAL_ADC_MspInit:0000009c $d
C:\Users\l1234\AppData\Local\Temp\cc4ek1oi.s:267    .text.HAL_ADC_MspDeInit:00000000 $t
C:\Users\l1234\AppData\Local\Temp\cc4ek1oi.s:273    .text.HAL_ADC_MspDeInit:00000000 HAL_ADC_MspDeInit
C:\Users\l1234\AppData\Local\Temp\cc4ek1oi.s:323    .text.HAL_ADC_MspDeInit:00000030 $d
C:\Users\l1234\AppData\Local\Temp\cc4ek1oi.s:330    .text.HAL_I2C_MspInit:00000000 $t
C:\Users\l1234\AppData\Local\Temp\cc4ek1oi.s:336    .text.HAL_I2C_MspInit:00000000 HAL_I2C_MspInit
C:\Users\l1234\AppData\Local\Temp\cc4ek1oi.s:434    .text.HAL_I2C_MspInit:00000058 $d
C:\Users\l1234\AppData\Local\Temp\cc4ek1oi.s:441    .text.HAL_I2C_MspDeInit:00000000 $t
C:\Users\l1234\AppData\Local\Temp\cc4ek1oi.s:447    .text.HAL_I2C_MspDeInit:00000000 HAL_I2C_MspDeInit
C:\Users\l1234\AppData\Local\Temp\cc4ek1oi.s:492    .text.HAL_I2C_MspDeInit:0000002c $d
C:\Users\l1234\AppData\Local\Temp\cc4ek1oi.s:499    .text.HAL_SPI_MspInit:00000000 $t
C:\Users\l1234\AppData\Local\Temp\cc4ek1oi.s:505    .text.HAL_SPI_MspInit:00000000 HAL_SPI_MspInit
C:\Users\l1234\AppData\Local\Temp\cc4ek1oi.s:631    .text.HAL_SPI_MspInit:00000080 $d
C:\Users\l1234\AppData\Local\Temp\cc4ek1oi.s:637    .text.HAL_SPI_MspDeInit:00000000 $t
C:\Users\l1234\AppData\Local\Temp\cc4ek1oi.s:643    .text.HAL_SPI_MspDeInit:00000000 HAL_SPI_MspDeInit
C:\Users\l1234\AppData\Local\Temp\cc4ek1oi.s:690    .text.HAL_SPI_MspDeInit:00000028 $d
C:\Users\l1234\AppData\Local\Temp\cc4ek1oi.s:697    .text.HAL_UART_MspInit:00000000 $t
C:\Users\l1234\AppData\Local\Temp\cc4ek1oi.s:703    .text.HAL_UART_MspInit:00000000 HAL_UART_MspInit
C:\Users\l1234\AppData\Local\Temp\cc4ek1oi.s:829    .text.HAL_UART_MspInit:00000080 $d
C:\Users\l1234\AppData\Local\Temp\cc4ek1oi.s:835    .text.HAL_UART_MspDeInit:00000000 $t
C:\Users\l1234\AppData\Local\Temp\cc4ek1oi.s:841    .text.HAL_UART_MspDeInit:00000000 HAL_UART_MspDeInit
C:\Users\l1234\AppData\Local\Temp\cc4ek1oi.s:888    .text.HAL_UART_MspDeInit:00000028 $d

UNDEFINED SYMBOLS
HAL_GPIO_Init
HAL_DMA_Init
HAL_NVIC_SetPriority
HAL_NVIC_EnableIRQ
Error_Handler
hdma_adc1
HAL_GPIO_DeInit
HAL_DMA_DeInit
HAL_NVIC_DisableIRQ
